{"D:\\VisualLab\\src\\config\\app.config.js": {"path":"D:\\VisualLab\\src\\config\\app.config.js","statementMap":{"0":{"start":{"line":5,"column":26},"end":{"line":64,"column":1}}},"fnMap":{},"branchMap":{},"s":{"0":2},"f":{},"b":{},"meta":{"lastBranch":0,"lastFunction":0,"lastStatement":1,"seen":{"s:5:26:64:1":0}}}
,"D:\\VisualLab\\src\\config\\index.js": {"path":"D:\\VisualLab\\src\\config\\index.js","statementMap":{},"fnMap":{},"branchMap":{},"s":{},"f":{},"b":{},"meta":{"lastBranch":0,"lastFunction":0,"lastStatement":0,"seen":{}}}
,"D:\\VisualLab\\src\\config\\routes.js": {"path":"D:\\VisualLab\\src\\config\\routes.js","statementMap":{"0":{"start":{"line":5,"column":22},"end":{"line":18,"column":1}}},"fnMap":{},"branchMap":{},"s":{"0":2},"f":{},"b":{},"meta":{"lastBranch":0,"lastFunction":0,"lastStatement":1,"seen":{"s:5:22:18:1":0}}}
,"D:\\VisualLab\\src\\config\\supabase.js": {"path":"D:\\VisualLab\\src\\config\\supabase.js","statementMap":{"0":{"start":{"line":3,"column":20},"end":{"line":3,"column":53}},"1":{"start":{"line":4,"column":24},"end":{"line":4,"column":62}},"2":{"start":{"line":6,"column":23},"end":{"line":6,"column":null}}},"fnMap":{},"branchMap":{},"s":{"0":0,"1":0,"2":0},"f":{},"b":{},"meta":{"lastBranch":0,"lastFunction":0,"lastStatement":3,"seen":{"s:3:20:3:53":0,"s:4:24:4:62":1,"s:6:23:6:Infinity":2}}}
,"D:\\VisualLab\\src\\core\\App.jsx": {"path":"D:\\VisualLab\\src\\core\\App.jsx","statementMap":{"0":{"start":{"line":8,"column":26},"end":{"line":8,"column":null}},"1":{"start":{"line":10,"column":2},"end":{"line":47,"column":null}}},"fnMap":{"0":{"name":"App","decl":{"start":{"line":7,"column":9},"end":{"line":7,"column":15}},"loc":{"start":{"line":7,"column":15},"end":{"line":49,"column":null}},"line":7}},"branchMap":{"0":{"loc":{"start":{"line":16,"column":19},"end":{"line":16,"column":null}},"type":"cond-expr","locations":[{"start":{"line":16,"column":38},"end":{"line":16,"column":50}},{"start":{"line":16,"column":50},"end":{"line":16,"column":null}}],"line":16},"1":{"loc":{"start":{"line":20,"column":19},"end":{"line":20,"column":null}},"type":"cond-expr","locations":[{"start":{"line":20,"column":38},"end":{"line":20,"column":53}},{"start":{"line":20,"column":53},"end":{"line":20,"column":null}}],"line":20},"2":{"loc":{"start":{"line":24,"column":19},"end":{"line":24,"column":null}},"type":"cond-expr","locations":[{"start":{"line":24,"column":38},"end":{"line":24,"column":59}},{"start":{"line":24,"column":59},"end":{"line":24,"column":null}}],"line":24},"3":{"loc":{"start":{"line":30,"column":19},"end":{"line":30,"column":null}},"type":"cond-expr","locations":[{"start":{"line":30,"column":37},"end":{"line":30,"column":53}},{"start":{"line":30,"column":53},"end":{"line":30,"column":null}}],"line":30},"4":{"loc":{"start":{"line":34,"column":19},"end":{"line":34,"column":null}},"type":"cond-expr","locations":[{"start":{"line":34,"column":37},"end":{"line":34,"column":57}},{"start":{"line":34,"column":57},"end":{"line":34,"column":null}}],"line":34},"5":{"loc":{"start":{"line":38,"column":19},"end":{"line":38,"column":null}},"type":"cond-expr","locations":[{"start":{"line":38,"column":37},"end":{"line":38,"column":56}},{"start":{"line":38,"column":56},"end":{"line":38,"column":null}}],"line":38},"6":{"loc":{"start":{"line":44,"column":33},"end":{"line":44,"column":84}},"type":"cond-expr","locations":[{"start":{"line":44,"column":51},"end":{"line":44,"column":70}},{"start":{"line":44,"column":70},"end":{"line":44,"column":84}}],"line":44}},"s":{"0":0,"1":0},"f":{"0":0},"b":{"0":[0,0],"1":[0,0],"2":[0,0],"3":[0,0],"4":[0,0],"5":[0,0],"6":[0,0]},"meta":{"lastBranch":7,"lastFunction":1,"lastStatement":2,"seen":{"f:7:9:7:15":0,"s:8:26:8:Infinity":0,"s:10:2:47:Infinity":1,"b:16:38:16:50:16:50:16:Infinity":0,"b:20:38:20:53:20:53:20:Infinity":1,"b:24:38:24:59:24:59:24:Infinity":2,"b:30:37:30:53:30:53:30:Infinity":3,"b:34:37:34:57:34:57:34:Infinity":4,"b:38:37:38:56:38:56:38:Infinity":5,"b:44:51:44:70:44:70:44:84":6}}}
,"D:\\VisualLab\\src\\core\\main.jsx": {"path":"D:\\VisualLab\\src\\core\\main.jsx","statementMap":{"0":{"start":{"line":6,"column":0},"end":{"line":10,"column":null}}},"fnMap":{},"branchMap":{},"s":{"0":0},"f":{},"b":{},"meta":{"lastBranch":0,"lastFunction":0,"lastStatement":1,"seen":{"s:6:0:10:Infinity":0}}}
,"D:\\VisualLab\\src\\features\\auth\\index.js": {"path":"D:\\VisualLab\\src\\features\\auth\\index.js","statementMap":{},"fnMap":{},"branchMap":{},"s":{},"f":{},"b":{},"meta":{"lastBranch":0,"lastFunction":0,"lastStatement":0,"seen":{}}}
,"D:\\VisualLab\\src\\features\\auth\\components\\ForgotPassword.jsx": {"path":"D:\\VisualLab\\src\\features\\auth\\components\\ForgotPassword.jsx","statementMap":{"0":{"start":{"line":8,"column":24},"end":{"line":8,"column":null}},"1":{"start":{"line":9,"column":32},"end":{"line":9,"column":null}},"2":{"start":{"line":10,"column":52},"end":{"line":10,"column":null}},"3":{"start":{"line":12,"column":23},"end":{"line":24,"column":null}},"4":{"start":{"line":13,"column":4},"end":{"line":13,"column":null}},"5":{"start":{"line":15,"column":4},"end":{"line":17,"column":null}},"6":{"start":{"line":16,"column":6},"end":{"line":16,"column":null}},"7":{"start":{"line":19,"column":19},"end":{"line":19,"column":null}},"8":{"start":{"line":21,"column":4},"end":{"line":23,"column":null}},"9":{"start":{"line":22,"column":6},"end":{"line":22,"column":null}},"10":{"start":{"line":26,"column":2},"end":{"line":58,"column":null}},"11":{"start":{"line":27,"column":4},"end":{"line":56,"column":null}},"12":{"start":{"line":60,"column":2},"end":{"line":116,"column":null}},"13":{"start":{"line":90,"column":16},"end":{"line":90,"column":null}},"14":{"start":{"line":91,"column":16},"end":{"line":91,"column":null}}},"fnMap":{"0":{"name":"ForgotPassword","decl":{"start":{"line":7,"column":9},"end":{"line":7,"column":26}},"loc":{"start":{"line":7,"column":26},"end":{"line":118,"column":null}},"line":7},"1":{"name":"(anonymous_1)","decl":{"start":{"line":12,"column":23},"end":{"line":12,"column":30}},"loc":{"start":{"line":12,"column":36},"end":{"line":24,"column":null}},"line":12},"2":{"name":"(anonymous_2)","decl":{"start":{"line":89,"column":24},"end":{"line":89,"column":25}},"loc":{"start":{"line":89,"column":31},"end":{"line":92,"column":null}},"line":89}},"branchMap":{"0":{"loc":{"start":{"line":15,"column":4},"end":{"line":17,"column":null}},"type":"if","locations":[{"start":{"line":15,"column":4},"end":{"line":17,"column":null}},{"start":{},"end":{}}],"line":15},"1":{"loc":{"start":{"line":21,"column":4},"end":{"line":23,"column":null}},"type":"if","locations":[{"start":{"line":21,"column":4},"end":{"line":23,"column":null}},{"start":{},"end":{}}],"line":21},"2":{"loc":{"start":{"line":26,"column":2},"end":{"line":58,"column":null}},"type":"if","locations":[{"start":{"line":26,"column":2},"end":{"line":58,"column":null}},{"start":{},"end":{}}],"line":26},"3":{"loc":{"start":{"line":99,"column":11},"end":{"line":99,"column":null}},"type":"binary-expr","locations":[{"start":{"line":99,"column":11},"end":{"line":99,"column":20}},{"start":{"line":99,"column":20},"end":{"line":99,"column":null}}],"line":99},"4":{"loc":{"start":{"line":102,"column":13},"end":{"line":102,"column":null}},"type":"cond-expr","locations":[{"start":{"line":102,"column":23},"end":{"line":102,"column":39}},{"start":{"line":102,"column":39},"end":{"line":102,"column":null}}],"line":102}},"s":{"0":0,"1":0,"2":0,"3":0,"4":0,"5":0,"6":0,"7":0,"8":0,"9":0,"10":0,"11":0,"12":0,"13":0,"14":0},"f":{"0":0,"1":0,"2":0},"b":{"0":[0,0],"1":[0,0],"2":[0,0],"3":[0,0],"4":[0,0]},"meta":{"lastBranch":5,"lastFunction":3,"lastStatement":15,"seen":{"f:7:9:7:26":0,"s:8:24:8:Infinity":0,"s:9:32:9:Infinity":1,"s:10:52:10:Infinity":2,"s:12:23:24:Infinity":3,"f:12:23:12:30":1,"s:13:4:13:Infinity":4,"b:15:4:17:Infinity:undefined:undefined:undefined:undefined":0,"s:15:4:17:Infinity":5,"s:16:6:16:Infinity":6,"s:19:19:19:Infinity":7,"b:21:4:23:Infinity:undefined:undefined:undefined:undefined":1,"s:21:4:23:Infinity":8,"s:22:6:22:Infinity":9,"b:26:2:58:Infinity:undefined:undefined:undefined:undefined":2,"s:26:2:58:Infinity":10,"s:27:4:56:Infinity":11,"s:60:2:116:Infinity":12,"f:89:24:89:25":2,"s:90:16:90:Infinity":13,"s:91:16:91:Infinity":14,"b:99:11:99:20:99:20:99:Infinity":3,"b:102:23:102:39:102:39:102:Infinity":4}}}
,"D:\\VisualLab\\src\\features\\auth\\components\\Login.jsx": {"path":"D:\\VisualLab\\src\\features\\auth\\components\\Login.jsx","statementMap":{"0":{"start":{"line":9,"column":24},"end":{"line":9,"column":null}},"1":{"start":{"line":10,"column":30},"end":{"line":10,"column":null}},"2":{"start":{"line":11,"column":8},"end":{"line":11,"column":null}},"3":{"start":{"line":12,"column":32},"end":{"line":12,"column":null}},"4":{"start":{"line":14,"column":23},"end":{"line":26,"column":null}},"5":{"start":{"line":15,"column":4},"end":{"line":15,"column":null}},"6":{"start":{"line":17,"column":4},"end":{"line":19,"column":null}},"7":{"start":{"line":18,"column":6},"end":{"line":18,"column":null}},"8":{"start":{"line":21,"column":19},"end":{"line":21,"column":null}},"9":{"start":{"line":23,"column":4},"end":{"line":25,"column":null}},"10":{"start":{"line":24,"column":6},"end":{"line":24,"column":null}},"11":{"start":{"line":28,"column":2},"end":{"line":106,"column":null}},"12":{"start":{"line":57,"column":31},"end":{"line":57,"column":null}},"13":{"start":{"line":73,"column":31},"end":{"line":73,"column":null}}},"fnMap":{"0":{"name":"Login","decl":{"start":{"line":8,"column":9},"end":{"line":8,"column":17}},"loc":{"start":{"line":8,"column":17},"end":{"line":108,"column":null}},"line":8},"1":{"name":"(anonymous_1)","decl":{"start":{"line":14,"column":23},"end":{"line":14,"column":30}},"loc":{"start":{"line":14,"column":36},"end":{"line":26,"column":null}},"line":14},"2":{"name":"(anonymous_2)","decl":{"start":{"line":57,"column":24},"end":{"line":57,"column":25}},"loc":{"start":{"line":57,"column":31},"end":{"line":57,"column":null}},"line":57},"3":{"name":"(anonymous_3)","decl":{"start":{"line":73,"column":24},"end":{"line":73,"column":25}},"loc":{"start":{"line":73,"column":31},"end":{"line":73,"column":null}},"line":73}},"branchMap":{"0":{"loc":{"start":{"line":17,"column":4},"end":{"line":19,"column":null}},"type":"if","locations":[{"start":{"line":17,"column":4},"end":{"line":19,"column":null}},{"start":{},"end":{}}],"line":17},"1":{"loc":{"start":{"line":17,"column":8},"end":{"line":17,"column":29}},"type":"binary-expr","locations":[{"start":{"line":17,"column":8},"end":{"line":17,"column":18}},{"start":{"line":17,"column":18},"end":{"line":17,"column":29}}],"line":17},"2":{"loc":{"start":{"line":23,"column":4},"end":{"line":25,"column":null}},"type":"if","locations":[{"start":{"line":23,"column":4},"end":{"line":25,"column":null}},{"start":{},"end":{}}],"line":23},"3":{"loc":{"start":{"line":80,"column":11},"end":{"line":80,"column":null}},"type":"binary-expr","locations":[{"start":{"line":80,"column":11},"end":{"line":80,"column":20}},{"start":{"line":80,"column":20},"end":{"line":80,"column":null}}],"line":80},"4":{"loc":{"start":{"line":83,"column":13},"end":{"line":83,"column":null}},"type":"cond-expr","locations":[{"start":{"line":83,"column":23},"end":{"line":83,"column":47}},{"start":{"line":83,"column":47},"end":{"line":83,"column":null}}],"line":83}},"s":{"0":119,"1":119,"2":119,"3":119,"4":119,"5":3,"6":3,"7":0,"8":3,"9":3,"10":2,"11":119,"12":65,"13":46},"f":{"0":119,"1":3,"2":65,"3":46},"b":{"0":[0,3],"1":[3,3],"2":[2,1],"3":[119,0],"4":[0,119]},"meta":{"lastBranch":5,"lastFunction":4,"lastStatement":14,"seen":{"f:8:9:8:17":0,"s:9:24:9:Infinity":0,"s:10:30:10:Infinity":1,"s:11:8:11:Infinity":2,"s:12:32:12:Infinity":3,"s:14:23:26:Infinity":4,"f:14:23:14:30":1,"s:15:4:15:Infinity":5,"b:17:4:19:Infinity:undefined:undefined:undefined:undefined":0,"s:17:4:19:Infinity":6,"b:17:8:17:18:17:18:17:29":1,"s:18:6:18:Infinity":7,"s:21:19:21:Infinity":8,"b:23:4:25:Infinity:undefined:undefined:undefined:undefined":2,"s:23:4:25:Infinity":9,"s:24:6:24:Infinity":10,"s:28:2:106:Infinity":11,"f:57:24:57:25":2,"s:57:31:57:Infinity":12,"f:73:24:73:25":3,"s:73:31:73:Infinity":13,"b:80:11:80:20:80:20:80:Infinity":3,"b:83:23:83:47:83:47:83:Infinity":4}}}
,"D:\\VisualLab\\src\\features\\auth\\components\\Register.jsx": {"path":"D:\\VisualLab\\src\\features\\auth\\components\\Register.jsx","statementMap":{"0":{"start":{"line":27,"column":26},"end":{"line":27,"column":null}},"1":{"start":{"line":31,"column":30},"end":{"line":36,"column":null}},"2":{"start":{"line":39,"column":28},"end":{"line":39,"column":null}},"3":{"start":{"line":40,"column":50},"end":{"line":40,"column":null}},"4":{"start":{"line":41,"column":46},"end":{"line":41,"column":null}},"5":{"start":{"line":44,"column":8},"end":{"line":44,"column":null}},"6":{"start":{"line":47,"column":47},"end":{"line":47,"column":null}},"7":{"start":{"line":51,"column":70},"end":{"line":54,"column":null}},"8":{"start":{"line":59,"column":2},"end":{"line":73,"column":null}},"9":{"start":{"line":60,"column":4},"end":{"line":72,"column":null}},"10":{"start":{"line":61,"column":6},"end":{"line":65,"column":null}},"11":{"start":{"line":61,"column":27},"end":{"line":65,"column":8}},"12":{"start":{"line":68,"column":6},"end":{"line":71,"column":null}},"13":{"start":{"line":69,"column":8},"end":{"line":69,"column":null}},"14":{"start":{"line":70,"column":8},"end":{"line":70,"column":null}},"15":{"start":{"line":70,"column":25},"end":{"line":70,"column":55}},"16":{"start":{"line":78,"column":8},"end":{"line":90,"column":null}},"17":{"start":{"line":80,"column":21},"end":{"line":84,"column":null}},"18":{"start":{"line":85,"column":4},"end":{"line":85,"column":null}},"19":{"start":{"line":88,"column":4},"end":{"line":88,"column":null}},"20":{"start":{"line":89,"column":4},"end":{"line":89,"column":null}},"21":{"start":{"line":89,"column":21},"end":{"line":89,"column":51}},"22":{"start":{"line":95,"column":2},"end":{"line":105,"column":null}},"23":{"start":{"line":97,"column":4},"end":{"line":104,"column":null}},"24":{"start":{"line":99,"column":24},"end":{"line":101,"column":null}},"25":{"start":{"line":100,"column":8},"end":{"line":100,"column":null}},"26":{"start":{"line":103,"column":6},"end":{"line":103,"column":null}},"27":{"start":{"line":103,"column":19},"end":{"line":103,"column":null}},"28":{"start":{"line":110,"column":8},"end":{"line":139,"column":null}},"29":{"start":{"line":111,"column":19},"end":{"line":111,"column":null}},"30":{"start":{"line":113,"column":4},"end":{"line":117,"column":null}},"31":{"start":{"line":114,"column":6},"end":{"line":114,"column":null}},"32":{"start":{"line":115,"column":4},"end":{"line":117,"column":null}},"33":{"start":{"line":116,"column":6},"end":{"line":116,"column":null}},"34":{"start":{"line":119,"column":4},"end":{"line":123,"column":null}},"35":{"start":{"line":120,"column":6},"end":{"line":120,"column":null}},"36":{"start":{"line":121,"column":4},"end":{"line":123,"column":null}},"37":{"start":{"line":122,"column":6},"end":{"line":122,"column":null}},"38":{"start":{"line":125,"column":4},"end":{"line":129,"column":null}},"39":{"start":{"line":126,"column":6},"end":{"line":126,"column":null}},"40":{"start":{"line":127,"column":4},"end":{"line":129,"column":null}},"41":{"start":{"line":128,"column":6},"end":{"line":128,"column":null}},"42":{"start":{"line":131,"column":4},"end":{"line":135,"column":null}},"43":{"start":{"line":132,"column":6},"end":{"line":132,"column":null}},"44":{"start":{"line":133,"column":4},"end":{"line":135,"column":null}},"45":{"start":{"line":134,"column":6},"end":{"line":134,"column":null}},"46":{"start":{"line":137,"column":4},"end":{"line":137,"column":null}},"47":{"start":{"line":138,"column":4},"end":{"line":138,"column":null}},"48":{"start":{"line":144,"column":8},"end":{"line":160,"column":null}},"49":{"start":{"line":145,"column":28},"end":{"line":145,"column":null}},"50":{"start":{"line":147,"column":4},"end":{"line":150,"column":null}},"51":{"start":{"line":147,"column":25},"end":{"line":150,"column":6}},"52":{"start":{"line":153,"column":4},"end":{"line":156,"column":null}},"53":{"start":{"line":153,"column":33},"end":{"line":156,"column":6}},"54":{"start":{"line":158,"column":4},"end":{"line":158,"column":null}},"55":{"start":{"line":159,"column":4},"end":{"line":159,"column":null}},"56":{"start":{"line":165,"column":8},"end":{"line":174,"column":null}},"57":{"start":{"line":166,"column":4},"end":{"line":166,"column":null}},"58":{"start":{"line":167,"column":4},"end":{"line":172,"column":null}},"59":{"start":{"line":173,"column":4},"end":{"line":173,"column":null}},"60":{"start":{"line":179,"column":23},"end":{"line":204,"column":null}},"61":{"start":{"line":180,"column":4},"end":{"line":180,"column":null}},"62":{"start":{"line":183,"column":4},"end":{"line":185,"column":null}},"63":{"start":{"line":184,"column":6},"end":{"line":184,"column":null}},"64":{"start":{"line":188,"column":19},"end":{"line":190,"column":null}},"65":{"start":{"line":192,"column":4},"end":{"line":203,"column":null}},"66":{"start":{"line":194,"column":6},"end":{"line":194,"column":null}},"67":{"start":{"line":197,"column":6},"end":{"line":197,"column":null}},"68":{"start":{"line":200,"column":6},"end":{"line":202,"column":null}},"69":{"start":{"line":201,"column":8},"end":{"line":201,"column":null}},"70":{"start":{"line":206,"column":2},"end":{"line":358,"column":null}}},"fnMap":{"0":{"name":"Register","decl":{"start":{"line":29,"column":9},"end":{"line":29,"column":20}},"loc":{"start":{"line":29,"column":20},"end":{"line":360,"column":null}},"line":29},"1":{"name":"(anonymous_1)","decl":{"start":{"line":59,"column":12},"end":{"line":59,"column":18}},"loc":{"start":{"line":59,"column":18},"end":{"line":73,"column":5}},"line":59},"2":{"name":"(anonymous_2)","decl":{"start":{"line":61,"column":18},"end":{"line":61,"column":27}},"loc":{"start":{"line":61,"column":27},"end":{"line":65,"column":8}},"line":61},"3":{"name":"(anonymous_3)","decl":{"start":{"line":70,"column":19},"end":{"line":70,"column":25}},"loc":{"start":{"line":70,"column":25},"end":{"line":70,"column":55}},"line":70},"4":{"name":"(anonymous_4)","decl":{"start":{"line":78,"column":31},"end":{"line":78,"column":32}},"loc":{"start":{"line":78,"column":41},"end":{"line":90,"column":5}},"line":78},"5":{"name":"(anonymous_5)","decl":{"start":{"line":89,"column":15},"end":{"line":89,"column":21}},"loc":{"start":{"line":89,"column":21},"end":{"line":89,"column":51}},"line":89},"6":{"name":"(anonymous_6)","decl":{"start":{"line":95,"column":12},"end":{"line":95,"column":18}},"loc":{"start":{"line":95,"column":18},"end":{"line":105,"column":5}},"line":95},"7":{"name":"(anonymous_7)","decl":{"start":{"line":99,"column":35},"end":{"line":99,"column":41}},"loc":{"start":{"line":99,"column":41},"end":{"line":101,"column":9}},"line":99},"8":{"name":"(anonymous_8)","decl":{"start":{"line":103,"column":13},"end":{"line":103,"column":19}},"loc":{"start":{"line":103,"column":19},"end":{"line":103,"column":null}},"line":103},"9":{"name":"(anonymous_9)","decl":{"start":{"line":110,"column":35},"end":{"line":110,"column":41}},"loc":{"start":{"line":110,"column":41},"end":{"line":139,"column":5}},"line":110},"10":{"name":"(anonymous_10)","decl":{"start":{"line":144,"column":35},"end":{"line":144,"column":36}},"loc":{"start":{"line":144,"column":42},"end":{"line":160,"column":5}},"line":144},"11":{"name":"(anonymous_11)","decl":{"start":{"line":147,"column":16},"end":{"line":147,"column":25}},"loc":{"start":{"line":147,"column":25},"end":{"line":150,"column":6}},"line":147},"12":{"name":"(anonymous_12)","decl":{"start":{"line":153,"column":24},"end":{"line":153,"column":33}},"loc":{"start":{"line":153,"column":33},"end":{"line":156,"column":6}},"line":153},"13":{"name":"(anonymous_13)","decl":{"start":{"line":165,"column":39},"end":{"line":165,"column":45}},"loc":{"start":{"line":165,"column":45},"end":{"line":174,"column":5}},"line":165},"14":{"name":"(anonymous_14)","decl":{"start":{"line":179,"column":23},"end":{"line":179,"column":30}},"loc":{"start":{"line":179,"column":36},"end":{"line":204,"column":null}},"line":179},"15":{"name":"(anonymous_15)","decl":{"start":{"line":200,"column":17},"end":{"line":200,"column":23}},"loc":{"start":{"line":200,"column":23},"end":{"line":202,"column":9}},"line":200}},"branchMap":{"0":{"loc":{"start":{"line":60,"column":4},"end":{"line":72,"column":null}},"type":"if","locations":[{"start":{"line":60,"column":4},"end":{"line":72,"column":null}},{"start":{},"end":{}}],"line":60},"1":{"loc":{"start":{"line":60,"column":8},"end":{"line":60,"column":74}},"type":"binary-expr","locations":[{"start":{"line":60,"column":8},"end":{"line":60,"column":26}},{"start":{"line":60,"column":26},"end":{"line":60,"column":52}},{"start":{"line":60,"column":52},"end":{"line":60,"column":74}}],"line":60},"2":{"loc":{"start":{"line":63,"column":18},"end":{"line":63,"column":null}},"type":"binary-expr","locations":[{"start":{"line":63,"column":18},"end":{"line":63,"column":44}},{"start":{"line":63,"column":44},"end":{"line":63,"column":null}}],"line":63},"3":{"loc":{"start":{"line":64,"column":15},"end":{"line":64,"column":null}},"type":"binary-expr","locations":[{"start":{"line":64,"column":15},"end":{"line":64,"column":38}},{"start":{"line":64,"column":38},"end":{"line":64,"column":null}}],"line":64},"4":{"loc":{"start":{"line":68,"column":6},"end":{"line":71,"column":null}},"type":"if","locations":[{"start":{"line":68,"column":6},"end":{"line":71,"column":null}},{"start":{},"end":{}}],"line":68},"5":{"loc":{"start":{"line":68,"column":10},"end":{"line":68,"column":57}},"type":"binary-expr","locations":[{"start":{"line":68,"column":10},"end":{"line":68,"column":36}},{"start":{"line":68,"column":36},"end":{"line":68,"column":57}}],"line":68},"6":{"loc":{"start":{"line":97,"column":4},"end":{"line":104,"column":null}},"type":"if","locations":[{"start":{"line":97,"column":4},"end":{"line":104,"column":null}},{"start":{},"end":{}}],"line":97},"7":{"loc":{"start":{"line":97,"column":8},"end":{"line":97,"column":45}},"type":"binary-expr","locations":[{"start":{"line":97,"column":8},"end":{"line":97,"column":29}},{"start":{"line":97,"column":29},"end":{"line":97,"column":45}}],"line":97},"8":{"loc":{"start":{"line":113,"column":4},"end":{"line":117,"column":null}},"type":"if","locations":[{"start":{"line":113,"column":4},"end":{"line":117,"column":null}},{"start":{"line":115,"column":4},"end":{"line":117,"column":null}}],"line":113},"9":{"loc":{"start":{"line":115,"column":4},"end":{"line":117,"column":null}},"type":"if","locations":[{"start":{"line":115,"column":4},"end":{"line":117,"column":null}},{"start":{},"end":{}}],"line":115},"10":{"loc":{"start":{"line":119,"column":4},"end":{"line":123,"column":null}},"type":"if","locations":[{"start":{"line":119,"column":4},"end":{"line":123,"column":null}},{"start":{"line":121,"column":4},"end":{"line":123,"column":null}}],"line":119},"11":{"loc":{"start":{"line":121,"column":4},"end":{"line":123,"column":null}},"type":"if","locations":[{"start":{"line":121,"column":4},"end":{"line":123,"column":null}},{"start":{},"end":{}}],"line":121},"12":{"loc":{"start":{"line":125,"column":4},"end":{"line":129,"column":null}},"type":"if","locations":[{"start":{"line":125,"column":4},"end":{"line":129,"column":null}},{"start":{"line":127,"column":4},"end":{"line":129,"column":null}}],"line":125},"13":{"loc":{"start":{"line":127,"column":4},"end":{"line":129,"column":null}},"type":"if","locations":[{"start":{"line":127,"column":4},"end":{"line":129,"column":null}},{"start":{},"end":{}}],"line":127},"14":{"loc":{"start":{"line":131,"column":4},"end":{"line":135,"column":null}},"type":"if","locations":[{"start":{"line":131,"column":4},"end":{"line":135,"column":null}},{"start":{"line":133,"column":4},"end":{"line":135,"column":null}}],"line":131},"15":{"loc":{"start":{"line":133,"column":4},"end":{"line":135,"column":null}},"type":"if","locations":[{"start":{"line":133,"column":4},"end":{"line":135,"column":null}},{"start":{},"end":{}}],"line":133},"16":{"loc":{"start":{"line":183,"column":4},"end":{"line":185,"column":null}},"type":"if","locations":[{"start":{"line":183,"column":4},"end":{"line":185,"column":null}},{"start":{},"end":{}}],"line":183},"17":{"loc":{"start":{"line":192,"column":4},"end":{"line":203,"column":null}},"type":"if","locations":[{"start":{"line":192,"column":4},"end":{"line":203,"column":null}},{"start":{},"end":{}}],"line":192},"18":{"loc":{"start":{"line":226,"column":9},"end":{"line":230,"column":null}},"type":"binary-expr","locations":[{"start":{"line":226,"column":9},"end":{"line":226,"column":31}},{"start":{"line":226,"column":31},"end":{"line":226,"column":null}},{"start":{"line":227,"column":10},"end":{"line":230,"column":null}}],"line":226},"19":{"loc":{"start":{"line":234,"column":9},"end":{"line":245,"column":null}},"type":"binary-expr","locations":[{"start":{"line":234,"column":9},"end":{"line":234,"column":21}},{"start":{"line":234,"column":21},"end":{"line":234,"column":42}},{"start":{"line":234,"column":42},"end":{"line":234,"column":61}},{"start":{"line":234,"column":61},"end":{"line":234,"column":null}},{"start":{"line":235,"column":10},"end":{"line":245,"column":null}}],"line":234},"20":{"loc":{"start":{"line":250,"column":40},"end":{"line":250,"column":84}},"type":"cond-expr","locations":[{"start":{"line":250,"column":68},"end":{"line":250,"column":82}},{"start":{"line":250,"column":82},"end":{"line":250,"column":84}}],"line":250},"21":{"loc":{"start":{"line":263,"column":25},"end":{"line":263,"column":null}},"type":"cond-expr","locations":[{"start":{"line":263,"column":53},"end":{"line":263,"column":69}},{"start":{"line":263,"column":69},"end":{"line":263,"column":null}}],"line":263},"22":{"loc":{"start":{"line":265,"column":13},"end":{"line":266,"column":null}},"type":"binary-expr","locations":[{"start":{"line":265,"column":13},"end":{"line":265,"column":null}},{"start":{"line":266,"column":14},"end":{"line":266,"column":null}}],"line":265},"23":{"loc":{"start":{"line":271,"column":40},"end":{"line":271,"column":81}},"type":"cond-expr","locations":[{"start":{"line":271,"column":65},"end":{"line":271,"column":79}},{"start":{"line":271,"column":79},"end":{"line":271,"column":81}}],"line":271},"24":{"loc":{"start":{"line":284,"column":25},"end":{"line":284,"column":null}},"type":"cond-expr","locations":[{"start":{"line":284,"column":50},"end":{"line":284,"column":66}},{"start":{"line":284,"column":66},"end":{"line":284,"column":null}}],"line":284},"25":{"loc":{"start":{"line":286,"column":13},"end":{"line":287,"column":null}},"type":"binary-expr","locations":[{"start":{"line":286,"column":13},"end":{"line":286,"column":null}},{"start":{"line":287,"column":14},"end":{"line":287,"column":null}}],"line":286},"26":{"loc":{"start":{"line":292,"column":40},"end":{"line":292,"column":84}},"type":"cond-expr","locations":[{"start":{"line":292,"column":68},"end":{"line":292,"column":82}},{"start":{"line":292,"column":82},"end":{"line":292,"column":84}}],"line":292},"27":{"loc":{"start":{"line":305,"column":25},"end":{"line":305,"column":null}},"type":"cond-expr","locations":[{"start":{"line":305,"column":53},"end":{"line":305,"column":69}},{"start":{"line":305,"column":69},"end":{"line":305,"column":null}}],"line":305},"28":{"loc":{"start":{"line":307,"column":13},"end":{"line":308,"column":null}},"type":"binary-expr","locations":[{"start":{"line":307,"column":13},"end":{"line":307,"column":null}},{"start":{"line":308,"column":14},"end":{"line":308,"column":null}}],"line":307},"29":{"loc":{"start":{"line":313,"column":40},"end":{"line":313,"column":91}},"type":"cond-expr","locations":[{"start":{"line":313,"column":75},"end":{"line":313,"column":89}},{"start":{"line":313,"column":89},"end":{"line":313,"column":91}}],"line":313},"30":{"loc":{"start":{"line":326,"column":25},"end":{"line":326,"column":null}},"type":"cond-expr","locations":[{"start":{"line":326,"column":60},"end":{"line":326,"column":76}},{"start":{"line":326,"column":76},"end":{"line":326,"column":null}}],"line":326},"31":{"loc":{"start":{"line":328,"column":13},"end":{"line":329,"column":null}},"type":"binary-expr","locations":[{"start":{"line":328,"column":13},"end":{"line":328,"column":null}},{"start":{"line":329,"column":14},"end":{"line":329,"column":null}}],"line":328},"32":{"loc":{"start":{"line":334,"column":11},"end":{"line":334,"column":null}},"type":"binary-expr","locations":[{"start":{"line":334,"column":11},"end":{"line":334,"column":20}},{"start":{"line":334,"column":20},"end":{"line":334,"column":null}}],"line":334},"33":{"loc":{"start":{"line":337,"column":11},"end":{"line":341,"column":null}},"type":"binary-expr","locations":[{"start":{"line":337,"column":11},"end":{"line":337,"column":null}},{"start":{"line":338,"column":12},"end":{"line":341,"column":null}}],"line":337},"34":{"loc":{"start":{"line":346,"column":13},"end":{"line":346,"column":null}},"type":"cond-expr","locations":[{"start":{"line":346,"column":23},"end":{"line":346,"column":45}},{"start":{"line":346,"column":45},"end":{"line":346,"column":null}}],"line":346}},"s":{"0":1,"1":247,"2":247,"3":247,"4":247,"5":247,"6":247,"7":247,"8":247,"9":7,"10":0,"11":0,"12":0,"13":0,"14":0,"15":0,"16":247,"17":1,"18":1,"19":1,"20":1,"21":0,"22":247,"23":246,"24":239,"25":1,"26":239,"27":239,"28":247,"29":5,"30":5,"31":0,"32":5,"33":1,"34":5,"35":0,"36":5,"37":0,"38":5,"39":0,"40":5,"41":0,"42":5,"43":0,"44":5,"45":1,"46":5,"47":5,"48":247,"49":230,"50":230,"51":230,"52":230,"53":230,"54":230,"55":230,"56":247,"57":0,"58":0,"59":0,"60":247,"61":5,"62":5,"63":2,"64":3,"65":3,"66":3,"67":3,"68":3,"69":1,"70":247},"f":{"0":247,"1":7,"2":0,"3":0,"4":1,"5":0,"6":246,"7":1,"8":239,"9":5,"10":230,"11":230,"12":230,"13":0,"14":5,"15":1},"b":{"0":[0,7],"1":[7,7,7],"2":[0,0],"3":[0,0],"4":[0,0],"5":[0,0],"6":[239,7],"7":[246,7],"8":[0,5],"9":[1,4],"10":[0,5],"11":[0,5],"12":[0,5],"13":[0,5],"14":[0,5],"15":[1,4],"16":[2,3],"17":[3,0],"18":[247,1,0],"19":[247,0,0,0,0],"20":[1,245],"21":[1,245],"22":[247,1],"23":[0,246],"24":[0,246],"25":[247,0],"26":[0,246],"27":[0,246],"28":[247,0],"29":[1,245],"30":[1,245],"31":[247,1],"32":[247,0],"33":[247,4],"34":[0,246]},"meta":{"lastBranch":35,"lastFunction":16,"lastStatement":71,"seen":{"s:27:26:27:Infinity":0,"f:29:9:29:20":0,"s:31:30:36:Infinity":1,"s:39:28:39:Infinity":2,"s:40:50:40:Infinity":3,"s:41:46:41:Infinity":4,"s:44:8:44:Infinity":5,"s:47:47:47:Infinity":6,"s:51:70:54:Infinity":7,"s:59:2:73:Infinity":8,"f:59:12:59:18":1,"b:60:4:72:Infinity:undefined:undefined:undefined:undefined":0,"s:60:4:72:Infinity":9,"b:60:8:60:26:60:26:60:52:60:52:60:74":1,"s:61:6:65:Infinity":10,"f:61:18:61:27":2,"s:61:27:65:8":11,"b:63:18:63:44:63:44:63:Infinity":2,"b:64:15:64:38:64:38:64:Infinity":3,"b:68:6:71:Infinity:undefined:undefined:undefined:undefined":4,"s:68:6:71:Infinity":12,"b:68:10:68:36:68:36:68:57":5,"s:69:8:69:Infinity":13,"s:70:8:70:Infinity":14,"f:70:19:70:25":3,"s:70:25:70:55":15,"s:78:8:90:Infinity":16,"f:78:31:78:32":4,"s:80:21:84:Infinity":17,"s:85:4:85:Infinity":18,"s:88:4:88:Infinity":19,"s:89:4:89:Infinity":20,"f:89:15:89:21":5,"s:89:21:89:51":21,"s:95:2:105:Infinity":22,"f:95:12:95:18":6,"b:97:4:104:Infinity:undefined:undefined:undefined:undefined":6,"s:97:4:104:Infinity":23,"b:97:8:97:29:97:29:97:45":7,"s:99:24:101:Infinity":24,"f:99:35:99:41":7,"s:100:8:100:Infinity":25,"s:103:6:103:Infinity":26,"f:103:13:103:19":8,"s:103:19:103:Infinity":27,"s:110:8:139:Infinity":28,"f:110:35:110:41":9,"s:111:19:111:Infinity":29,"b:113:4:117:Infinity:115:4:117:Infinity":8,"s:113:4:117:Infinity":30,"s:114:6:114:Infinity":31,"b:115:4:117:Infinity:undefined:undefined:undefined:undefined":9,"s:115:4:117:Infinity":32,"s:116:6:116:Infinity":33,"b:119:4:123:Infinity:121:4:123:Infinity":10,"s:119:4:123:Infinity":34,"s:120:6:120:Infinity":35,"b:121:4:123:Infinity:undefined:undefined:undefined:undefined":11,"s:121:4:123:Infinity":36,"s:122:6:122:Infinity":37,"b:125:4:129:Infinity:127:4:129:Infinity":12,"s:125:4:129:Infinity":38,"s:126:6:126:Infinity":39,"b:127:4:129:Infinity:undefined:undefined:undefined:undefined":13,"s:127:4:129:Infinity":40,"s:128:6:128:Infinity":41,"b:131:4:135:Infinity:133:4:135:Infinity":14,"s:131:4:135:Infinity":42,"s:132:6:132:Infinity":43,"b:133:4:135:Infinity:undefined:undefined:undefined:undefined":15,"s:133:4:135:Infinity":44,"s:134:6:134:Infinity":45,"s:137:4:137:Infinity":46,"s:138:4:138:Infinity":47,"s:144:8:160:Infinity":48,"f:144:35:144:36":10,"s:145:28:145:Infinity":49,"s:147:4:150:Infinity":50,"f:147:16:147:25":11,"s:147:25:150:6":51,"s:153:4:156:Infinity":52,"f:153:24:153:33":12,"s:153:33:156:6":53,"s:158:4:158:Infinity":54,"s:159:4:159:Infinity":55,"s:165:8:174:Infinity":56,"f:165:39:165:45":13,"s:166:4:166:Infinity":57,"s:167:4:172:Infinity":58,"s:173:4:173:Infinity":59,"s:179:23:204:Infinity":60,"f:179:23:179:30":14,"s:180:4:180:Infinity":61,"b:183:4:185:Infinity:undefined:undefined:undefined:undefined":16,"s:183:4:185:Infinity":62,"s:184:6:184:Infinity":63,"s:188:19:190:Infinity":64,"b:192:4:203:Infinity:undefined:undefined:undefined:undefined":17,"s:192:4:203:Infinity":65,"s:194:6:194:Infinity":66,"s:197:6:197:Infinity":67,"s:200:6:202:Infinity":68,"f:200:17:200:23":15,"s:201:8:201:Infinity":69,"s:206:2:358:Infinity":70,"b:226:9:226:31:226:31:226:Infinity:227:10:230:Infinity":18,"b:234:9:234:21:234:21:234:42:234:42:234:61:234:61:234:Infinity:235:10:245:Infinity":19,"b:250:68:250:82:250:82:250:84":20,"b:263:53:263:69:263:69:263:Infinity":21,"b:265:13:265:Infinity:266:14:266:Infinity":22,"b:271:65:271:79:271:79:271:81":23,"b:284:50:284:66:284:66:284:Infinity":24,"b:286:13:286:Infinity:287:14:287:Infinity":25,"b:292:68:292:82:292:82:292:84":26,"b:305:53:305:69:305:69:305:Infinity":27,"b:307:13:307:Infinity:308:14:308:Infinity":28,"b:313:75:313:89:313:89:313:91":29,"b:326:60:326:76:326:76:326:Infinity":30,"b:328:13:328:Infinity:329:14:329:Infinity":31,"b:334:11:334:20:334:20:334:Infinity":32,"b:337:11:337:Infinity:338:12:341:Infinity":33,"b:346:23:346:45:346:45:346:Infinity":34}}}
,"D:\\VisualLab\\src\\features\\auth\\store\\authStore.js": {"path":"D:\\VisualLab\\src\\features\\auth\\store\\authStore.js","statementMap":{"0":{"start":{"line":5,"column":27},"end":{"line":189,"column":1}},"1":{"start":{"line":7,"column":14},"end":{"line":180,"column":5}},"2":{"start":{"line":15,"column":8},"end":{"line":15,"column":43}},"3":{"start":{"line":16,"column":8},"end":{"line":41,"column":9}},"4":{"start":{"line":17,"column":34},"end":{"line":23,"column":12}},"5":{"start":{"line":25,"column":10},"end":{"line":25,"column":32}},"6":{"start":{"line":25,"column":21},"end":{"line":25,"column":32}},"7":{"start":{"line":29,"column":10},"end":{"line":29,"column":39}},"8":{"start":{"line":31,"column":10},"end":{"line":35,"column":12}},"9":{"start":{"line":37,"column":10},"end":{"line":37,"column":65}},"10":{"start":{"line":39,"column":10},"end":{"line":39,"column":55}},"11":{"start":{"line":40,"column":10},"end":{"line":40,"column":57}},"12":{"start":{"line":46,"column":8},"end":{"line":46,"column":43}},"13":{"start":{"line":47,"column":8},"end":{"line":82,"column":9}},"14":{"start":{"line":48,"column":34},"end":{"line":51,"column":12}},"15":{"start":{"line":53,"column":10},"end":{"line":53,"column":32}},"16":{"start":{"line":53,"column":21},"end":{"line":53,"column":32}},"17":{"start":{"line":56,"column":10},"end":{"line":70,"column":11}},"18":{"start":{"line":58,"column":12},"end":{"line":58,"column":41}},"19":{"start":{"line":59,"column":12},"end":{"line":64,"column":14}},"20":{"start":{"line":65,"column":12},"end":{"line":69,"column":13}},"21":{"start":{"line":72,"column":10},"end":{"line":76,"column":12}},"22":{"start":{"line":78,"column":10},"end":{"line":78,"column":40}},"23":{"start":{"line":80,"column":10},"end":{"line":80,"column":55}},"24":{"start":{"line":81,"column":10},"end":{"line":81,"column":57}},"25":{"start":{"line":87,"column":8},"end":{"line":87,"column":30}},"26":{"start":{"line":88,"column":8},"end":{"line":97,"column":9}},"27":{"start":{"line":89,"column":28},"end":{"line":89,"column":57}},"28":{"start":{"line":90,"column":10},"end":{"line":90,"column":32}},"29":{"start":{"line":90,"column":21},"end":{"line":90,"column":32}},"30":{"start":{"line":92,"column":10},"end":{"line":92,"column":82}},"31":{"start":{"line":93,"column":10},"end":{"line":93,"column":34}},"32":{"start":{"line":95,"column":10},"end":{"line":95,"column":55}},"33":{"start":{"line":96,"column":10},"end":{"line":96,"column":57}},"34":{"start":{"line":102,"column":8},"end":{"line":102,"column":43}},"35":{"start":{"line":103,"column":8},"end":{"line":115,"column":9}},"36":{"start":{"line":104,"column":28},"end":{"line":106,"column":12}},"37":{"start":{"line":108,"column":10},"end":{"line":108,"column":32}},"38":{"start":{"line":108,"column":21},"end":{"line":108,"column":32}},"39":{"start":{"line":110,"column":10},"end":{"line":110,"column":33}},"40":{"start":{"line":111,"column":10},"end":{"line":111,"column":94}},"41":{"start":{"line":113,"column":10},"end":{"line":113,"column":55}},"42":{"start":{"line":114,"column":10},"end":{"line":114,"column":57}},"43":{"start":{"line":120,"column":8},"end":{"line":120,"column":43}},"44":{"start":{"line":121,"column":8},"end":{"line":133,"column":9}},"45":{"start":{"line":122,"column":28},"end":{"line":124,"column":12}},"46":{"start":{"line":126,"column":10},"end":{"line":126,"column":32}},"47":{"start":{"line":126,"column":21},"end":{"line":126,"column":32}},"48":{"start":{"line":128,"column":10},"end":{"line":128,"column":33}},"49":{"start":{"line":129,"column":10},"end":{"line":129,"column":83}},"50":{"start":{"line":131,"column":10},"end":{"line":131,"column":55}},"51":{"start":{"line":132,"column":10},"end":{"line":132,"column":57}},"52":{"start":{"line":137,"column":24},"end":{"line":137,"column":44}},"53":{"start":{"line":141,"column":8},"end":{"line":178,"column":9}},"54":{"start":{"line":143,"column":40},"end":{"line":143,"column":72}},"55":{"start":{"line":146,"column":10},"end":{"line":158,"column":11}},"56":{"start":{"line":147,"column":12},"end":{"line":150,"column":14}},"57":{"start":{"line":151,"column":17},"end":{"line":158,"column":11}},"58":{"start":{"line":153,"column":12},"end":{"line":153,"column":41}},"59":{"start":{"line":154,"column":12},"end":{"line":157,"column":14}},"60":{"start":{"line":161,"column":10},"end":{"line":174,"column":12}},"61":{"start":{"line":163,"column":12},"end":{"line":173,"column":13}},"62":{"start":{"line":164,"column":14},"end":{"line":167,"column":16}},"63":{"start":{"line":169,"column":14},"end":{"line":172,"column":16}},"64":{"start":{"line":176,"column":10},"end":{"line":176,"column":58}},"65":{"start":{"line":177,"column":10},"end":{"line":177,"column":39}},"66":{"start":{"line":183,"column":30},"end":{"line":186,"column":7}},"67":{"start":{"line":192,"column":0},"end":{"line":192,"column":40}}},"fnMap":{"0":{"name":"(anonymous_0)","decl":{"start":{"line":7,"column":4},"end":{"line":7,"column":5}},"loc":{"start":{"line":7,"column":14},"end":{"line":180,"column":5}},"line":7},"1":{"name":"(anonymous_1)","decl":{"start":{"line":14,"column":16},"end":{"line":14,"column":21}},"loc":{"start":{"line":14,"column":58},"end":{"line":42,"column":7}},"line":14},"2":{"name":"(anonymous_2)","decl":{"start":{"line":45,"column":13},"end":{"line":45,"column":18}},"loc":{"start":{"line":45,"column":40},"end":{"line":83,"column":7}},"line":45},"3":{"name":"(anonymous_3)","decl":{"start":{"line":86,"column":14},"end":{"line":86,"column":19}},"loc":{"start":{"line":86,"column":26},"end":{"line":98,"column":7}},"line":86},"4":{"name":"(anonymous_4)","decl":{"start":{"line":101,"column":21},"end":{"line":101,"column":26}},"loc":{"start":{"line":101,"column":38},"end":{"line":116,"column":7}},"line":101},"5":{"name":"(anonymous_5)","decl":{"start":{"line":119,"column":22},"end":{"line":119,"column":27}},"loc":{"start":{"line":119,"column":45},"end":{"line":134,"column":7}},"line":119},"6":{"name":"(anonymous_6)","decl":{"start":{"line":137,"column":18},"end":{"line":137,"column":19}},"loc":{"start":{"line":137,"column":24},"end":{"line":137,"column":44}},"line":137},"7":{"name":"(anonymous_7)","decl":{"start":{"line":140,"column":22},"end":{"line":140,"column":27}},"loc":{"start":{"line":140,"column":34},"end":{"line":179,"column":7}},"line":140},"8":{"name":"(anonymous_8)","decl":{"start":{"line":161,"column":42},"end":{"line":161,"column":47}},"loc":{"start":{"line":161,"column":69},"end":{"line":174,"column":11}},"line":161},"9":{"name":"(anonymous_9)","decl":{"start":{"line":183,"column":18},"end":{"line":183,"column":19}},"loc":{"start":{"line":183,"column":30},"end":{"line":186,"column":7}},"line":183}},"branchMap":{"0":{"loc":{"start":{"line":14,"column":40},"end":{"line":14,"column":53}},"type":"default-arg","locations":[{"start":{"line":14,"column":51},"end":{"line":14,"column":53}}],"line":14},"1":{"loc":{"start":{"line":25,"column":10},"end":{"line":25,"column":32}},"type":"if","locations":[{"start":{"line":25,"column":10},"end":{"line":25,"column":32}},{"start":{},"end":{}}],"line":25},"2":{"loc":{"start":{"line":53,"column":10},"end":{"line":53,"column":32}},"type":"if","locations":[{"start":{"line":53,"column":10},"end":{"line":53,"column":32}},{"start":{},"end":{}}],"line":53},"3":{"loc":{"start":{"line":56,"column":10},"end":{"line":70,"column":11}},"type":"if","locations":[{"start":{"line":56,"column":10},"end":{"line":70,"column":11}},{"start":{},"end":{}}],"line":56},"4":{"loc":{"start":{"line":90,"column":10},"end":{"line":90,"column":32}},"type":"if","locations":[{"start":{"line":90,"column":10},"end":{"line":90,"column":32}},{"start":{},"end":{}}],"line":90},"5":{"loc":{"start":{"line":108,"column":10},"end":{"line":108,"column":32}},"type":"if","locations":[{"start":{"line":108,"column":10},"end":{"line":108,"column":32}},{"start":{},"end":{}}],"line":108},"6":{"loc":{"start":{"line":126,"column":10},"end":{"line":126,"column":32}},"type":"if","locations":[{"start":{"line":126,"column":10},"end":{"line":126,"column":32}},{"start":{},"end":{}}],"line":126},"7":{"loc":{"start":{"line":146,"column":10},"end":{"line":158,"column":11}},"type":"if","locations":[{"start":{"line":146,"column":10},"end":{"line":158,"column":11}},{"start":{"line":151,"column":17},"end":{"line":158,"column":11}}],"line":146},"8":{"loc":{"start":{"line":146,"column":14},"end":{"line":146,"column":62}},"type":"binary-expr","locations":[{"start":{"line":146,"column":14},"end":{"line":146,"column":27}},{"start":{"line":146,"column":31},"end":{"line":146,"column":62}}],"line":146},"9":{"loc":{"start":{"line":151,"column":17},"end":{"line":158,"column":11}},"type":"if","locations":[{"start":{"line":151,"column":17},"end":{"line":158,"column":11}},{"start":{},"end":{}}],"line":151},"10":{"loc":{"start":{"line":151,"column":21},"end":{"line":151,"column":70}},"type":"binary-expr","locations":[{"start":{"line":151,"column":21},"end":{"line":151,"column":34}},{"start":{"line":151,"column":38},"end":{"line":151,"column":70}}],"line":151},"11":{"loc":{"start":{"line":163,"column":12},"end":{"line":173,"column":13}},"type":"if","locations":[{"start":{"line":163,"column":12},"end":{"line":173,"column":13}},{"start":{"line":168,"column":19},"end":{"line":173,"column":13}}],"line":163},"12":{"loc":{"start":{"line":163,"column":16},"end":{"line":163,"column":64}},"type":"binary-expr","locations":[{"start":{"line":163,"column":16},"end":{"line":163,"column":29}},{"start":{"line":163,"column":33},"end":{"line":163,"column":64}}],"line":163}},"s":{"0":1,"1":1,"2":2,"3":2,"4":2,"5":2,"6":1,"7":1,"8":1,"9":1,"10":1,"11":1,"12":3,"13":3,"14":3,"15":3,"16":1,"17":2,"18":1,"19":1,"20":1,"21":1,"22":1,"23":1,"24":1,"25":2,"26":2,"27":2,"28":2,"29":1,"30":1,"31":1,"32":1,"33":1,"34":2,"35":2,"36":2,"37":2,"38":1,"39":1,"40":1,"41":1,"42":1,"43":0,"44":0,"45":0,"46":0,"47":0,"48":0,"49":0,"50":0,"51":0,"52":1,"53":1,"54":1,"55":1,"56":0,"57":1,"58":0,"59":0,"60":1,"61":1,"62":0,"63":1,"64":0,"65":0,"66":33,"67":1},"f":{"0":1,"1":2,"2":3,"3":2,"4":2,"5":0,"6":1,"7":1,"8":1,"9":33},"b":{"0":[2],"1":[1,1],"2":[1,2],"3":[1,1],"4":[1,1],"5":[1,1],"6":[0,0],"7":[0,1],"8":[1,0],"9":[0,1],"10":[1,0],"11":[0,1],"12":[1,0]},"meta":{"lastBranch":13,"lastFunction":10,"lastStatement":68,"seen":{"s:5:27:189:1":0,"f:7:4:7:5":0,"s:7:14:180:5":1,"f:14:16:14:21":1,"b:14:51:14:53":0,"s:15:8:15:43":2,"s:16:8:41:9":3,"s:17:34:23:12":4,"b:25:10:25:32:undefined:undefined:undefined:undefined":1,"s:25:10:25:32":5,"s:25:21:25:32":6,"s:29:10:29:39":7,"s:31:10:35:12":8,"s:37:10:37:65":9,"s:39:10:39:55":10,"s:40:10:40:57":11,"f:45:13:45:18":2,"s:46:8:46:43":12,"s:47:8:82:9":13,"s:48:34:51:12":14,"b:53:10:53:32:undefined:undefined:undefined:undefined":2,"s:53:10:53:32":15,"s:53:21:53:32":16,"b:56:10:70:11:undefined:undefined:undefined:undefined":3,"s:56:10:70:11":17,"s:58:12:58:41":18,"s:59:12:64:14":19,"s:65:12:69:13":20,"s:72:10:76:12":21,"s:78:10:78:40":22,"s:80:10:80:55":23,"s:81:10:81:57":24,"f:86:14:86:19":3,"s:87:8:87:30":25,"s:88:8:97:9":26,"s:89:28:89:57":27,"b:90:10:90:32:undefined:undefined:undefined:undefined":4,"s:90:10:90:32":28,"s:90:21:90:32":29,"s:92:10:92:82":30,"s:93:10:93:34":31,"s:95:10:95:55":32,"s:96:10:96:57":33,"f:101:21:101:26":4,"s:102:8:102:43":34,"s:103:8:115:9":35,"s:104:28:106:12":36,"b:108:10:108:32:undefined:undefined:undefined:undefined":5,"s:108:10:108:32":37,"s:108:21:108:32":38,"s:110:10:110:33":39,"s:111:10:111:94":40,"s:113:10:113:55":41,"s:114:10:114:57":42,"f:119:22:119:27":5,"s:120:8:120:43":43,"s:121:8:133:9":44,"s:122:28:124:12":45,"b:126:10:126:32:undefined:undefined:undefined:undefined":6,"s:126:10:126:32":46,"s:126:21:126:32":47,"s:128:10:128:33":48,"s:129:10:129:83":49,"s:131:10:131:55":50,"s:132:10:132:57":51,"f:137:18:137:19":6,"s:137:24:137:44":52,"f:140:22:140:27":7,"s:141:8:178:9":53,"s:143:40:143:72":54,"b:146:10:158:11:151:17:158:11":7,"s:146:10:158:11":55,"b:146:14:146:27:146:31:146:62":8,"s:147:12:150:14":56,"b:151:17:158:11:undefined:undefined:undefined:undefined":9,"s:151:17:158:11":57,"b:151:21:151:34:151:38:151:70":10,"s:153:12:153:41":58,"s:154:12:157:14":59,"s:161:10:174:12":60,"f:161:42:161:47":8,"b:163:12:173:13:168:19:173:13":11,"s:163:12:173:13":61,"b:163:16:163:29:163:33:163:64":12,"s:164:14:167:16":62,"s:169:14:172:16":63,"s:176:10:176:58":64,"s:177:10:177:39":65,"f:183:18:183:19":9,"s:183:30:186:7":66,"s:192:0:192:40":67}}}
,"D:\\VisualLab\\src\\features\\dashboard\\index.js": {"path":"D:\\VisualLab\\src\\features\\dashboard\\index.js","statementMap":{},"fnMap":{},"branchMap":{},"s":{},"f":{},"b":{},"meta":{"lastBranch":0,"lastFunction":0,"lastStatement":0,"seen":{}}}
,"D:\\VisualLab\\src\\features\\dashboard\\components\\Dashboard.jsx": {"path":"D:\\VisualLab\\src\\features\\dashboard\\components\\Dashboard.jsx","statementMap":{"0":{"start":{"line":18,"column":8},"end":{"line":18,"column":null}},"1":{"start":{"line":19,"column":23},"end":{"line":19,"column":null}},"2":{"start":{"line":20,"column":54},"end":{"line":20,"column":null}},"3":{"start":{"line":21,"column":44},"end":{"line":21,"column":null}},"4":{"start":{"line":23,"column":23},"end":{"line":26,"column":null}},"5":{"start":{"line":24,"column":4},"end":{"line":24,"column":null}},"6":{"start":{"line":25,"column":4},"end":{"line":25,"column":null}},"7":{"start":{"line":28,"column":29},"end":{"line":47,"column":null}},"8":{"start":{"line":29,"column":4},"end":{"line":29,"column":null}},"9":{"start":{"line":29,"column":15},"end":{"line":29,"column":null}},"10":{"start":{"line":31,"column":19},"end":{"line":31,"column":null}},"11":{"start":{"line":32,"column":4},"end":{"line":35,"column":null}},"12":{"start":{"line":33,"column":6},"end":{"line":33,"column":null}},"13":{"start":{"line":34,"column":6},"end":{"line":34,"column":null}},"14":{"start":{"line":38,"column":17},"end":{"line":38,"column":null}},"15":{"start":{"line":39,"column":16},"end":{"line":39,"column":null}},"16":{"start":{"line":40,"column":14},"end":{"line":40,"column":null}},"17":{"start":{"line":41,"column":4},"end":{"line":41,"column":null}},"18":{"start":{"line":42,"column":4},"end":{"line":42,"column":null}},"19":{"start":{"line":43,"column":4},"end":{"line":43,"column":null}},"20":{"start":{"line":44,"column":4},"end":{"line":44,"column":null}},"21":{"start":{"line":45,"column":4},"end":{"line":45,"column":null}},"22":{"start":{"line":46,"column":4},"end":{"line":46,"column":null}},"23":{"start":{"line":49,"column":29},"end":{"line":52,"column":null}},"24":{"start":{"line":50,"column":4},"end":{"line":50,"column":null}},"25":{"start":{"line":50,"column":15},"end":{"line":50,"column":null}},"26":{"start":{"line":51,"column":4},"end":{"line":51,"column":null}},"27":{"start":{"line":54,"column":19},"end":{"line":57,"column":null}},"28":{"start":{"line":54,"column":55},"end":{"line":57,"column":4}},"29":{"start":{"line":59,"column":26},"end":{"line":63,"column":null}},"30":{"start":{"line":60,"column":4},"end":{"line":60,"column":null}},"31":{"start":{"line":60,"column":15},"end":{"line":60,"column":null}},"32":{"start":{"line":61,"column":18},"end":{"line":61,"column":null}},"33":{"start":{"line":62,"column":4},"end":{"line":62,"column":null}},"34":{"start":{"line":65,"column":2},"end":{"line":177,"column":null}},"35":{"start":{"line":76,"column":33},"end":{"line":76,"column":59}},"36":{"start":{"line":96,"column":35},"end":{"line":96,"column":null}},"37":{"start":{"line":98,"column":14},"end":{"line":138,"column":null}},"38":{"start":{"line":115,"column":24},"end":{"line":115,"column":null}},"39":{"start":{"line":134,"column":35},"end":{"line":134,"column":null}},"40":{"start":{"line":174,"column":23},"end":{"line":174,"column":null}}},"fnMap":{"0":{"name":"Dashboard","decl":{"start":{"line":17,"column":9},"end":{"line":17,"column":21}},"loc":{"start":{"line":17,"column":21},"end":{"line":179,"column":null}},"line":17},"1":{"name":"(anonymous_1)","decl":{"start":{"line":23,"column":23},"end":{"line":23,"column":29}},"loc":{"start":{"line":23,"column":29},"end":{"line":26,"column":null}},"line":23},"2":{"name":"(anonymous_2)","decl":{"start":{"line":28,"column":29},"end":{"line":28,"column":35}},"loc":{"start":{"line":28,"column":35},"end":{"line":47,"column":null}},"line":28},"3":{"name":"(anonymous_3)","decl":{"start":{"line":49,"column":29},"end":{"line":49,"column":30}},"loc":{"start":{"line":49,"column":45},"end":{"line":52,"column":null}},"line":49},"4":{"name":"(anonymous_4)","decl":{"start":{"line":54,"column":43},"end":{"line":54,"column":55}},"loc":{"start":{"line":54,"column":55},"end":{"line":57,"column":4}},"line":54},"5":{"name":"(anonymous_5)","decl":{"start":{"line":59,"column":26},"end":{"line":59,"column":27}},"loc":{"start":{"line":59,"column":41},"end":{"line":63,"column":null}},"line":59},"6":{"name":"(anonymous_6)","decl":{"start":{"line":76,"column":27},"end":{"line":76,"column":33}},"loc":{"start":{"line":76,"column":33},"end":{"line":76,"column":59}},"line":76},"7":{"name":"(anonymous_7)","decl":{"start":{"line":95,"column":26},"end":{"line":95,"column":27}},"loc":{"start":{"line":95,"column":39},"end":{"line":140,"column":13}},"line":95},"8":{"name":"(anonymous_8)","decl":{"start":{"line":114,"column":44},"end":{"line":114,"column":45}},"loc":{"start":{"line":115,"column":24},"end":{"line":115,"column":null}},"line":115},"9":{"name":"(anonymous_9)","decl":{"start":{"line":134,"column":29},"end":{"line":134,"column":35}},"loc":{"start":{"line":134,"column":35},"end":{"line":134,"column":null}},"line":134},"10":{"name":"(anonymous_10)","decl":{"start":{"line":174,"column":17},"end":{"line":174,"column":23}},"loc":{"start":{"line":174,"column":23},"end":{"line":174,"column":null}},"line":174}},"branchMap":{"0":{"loc":{"start":{"line":29,"column":4},"end":{"line":29,"column":null}},"type":"if","locations":[{"start":{"line":29,"column":4},"end":{"line":29,"column":null}},{"start":{},"end":{}}],"line":29},"1":{"loc":{"start":{"line":32,"column":4},"end":{"line":35,"column":null}},"type":"if","locations":[{"start":{"line":32,"column":4},"end":{"line":35,"column":null}},{"start":{},"end":{}}],"line":32},"2":{"loc":{"start":{"line":50,"column":4},"end":{"line":50,"column":null}},"type":"if","locations":[{"start":{"line":50,"column":4},"end":{"line":50,"column":null}},{"start":{},"end":{}}],"line":50},"3":{"loc":{"start":{"line":56,"column":11},"end":{"line":56,"column":null}},"type":"cond-expr","locations":[{"start":{"line":56,"column":39},"end":{"line":56,"column":57}},{"start":{"line":56,"column":57},"end":{"line":56,"column":null}}],"line":56},"4":{"loc":{"start":{"line":60,"column":4},"end":{"line":60,"column":null}},"type":"if","locations":[{"start":{"line":60,"column":4},"end":{"line":60,"column":null}},{"start":{},"end":{}}],"line":60},"5":{"loc":{"start":{"line":120,"column":19},"end":{"line":129,"column":null}},"type":"binary-expr","locations":[{"start":{"line":120,"column":19},"end":{"line":120,"column":null}},{"start":{"line":121,"column":20},"end":{"line":129,"column":null}}],"line":120},"6":{"loc":{"start":{"line":136,"column":21},"end":{"line":136,"column":61}},"type":"cond-expr","locations":[{"start":{"line":136,"column":36},"end":{"line":136,"column":50}},{"start":{"line":136,"column":50},"end":{"line":136,"column":61}}],"line":136}},"s":{"0":7,"1":7,"2":7,"3":7,"4":7,"5":1,"6":1,"7":7,"8":1,"9":0,"10":1,"11":1,"12":1,"13":1,"14":0,"15":0,"16":0,"17":0,"18":0,"19":0,"20":0,"21":0,"22":0,"23":7,"24":0,"25":0,"26":0,"27":7,"28":14,"29":7,"30":14,"31":0,"32":14,"33":14,"34":7,"35":0,"36":14,"37":14,"38":28,"39":0,"40":0},"f":{"0":7,"1":1,"2":1,"3":0,"4":14,"5":14,"6":0,"7":14,"8":28,"9":0,"10":0},"b":{"0":[0,1],"1":[1,0],"2":[0,0],"3":[7,7],"4":[0,14],"5":[14,2],"6":[2,12]},"meta":{"lastBranch":7,"lastFunction":11,"lastStatement":41,"seen":{"f:17:9:17:21":0,"s:18:8:18:Infinity":0,"s:19:23:19:Infinity":1,"s:20:54:20:Infinity":2,"s:21:44:21:Infinity":3,"s:23:23:26:Infinity":4,"f:23:23:23:29":1,"s:24:4:24:Infinity":5,"s:25:4:25:Infinity":6,"s:28:29:47:Infinity":7,"f:28:29:28:35":2,"b:29:4:29:Infinity:undefined:undefined:undefined:undefined":0,"s:29:4:29:Infinity":8,"s:29:15:29:Infinity":9,"s:31:19:31:Infinity":10,"b:32:4:35:Infinity:undefined:undefined:undefined:undefined":1,"s:32:4:35:Infinity":11,"s:33:6:33:Infinity":12,"s:34:6:34:Infinity":13,"s:38:17:38:Infinity":14,"s:39:16:39:Infinity":15,"s:40:14:40:Infinity":16,"s:41:4:41:Infinity":17,"s:42:4:42:Infinity":18,"s:43:4:43:Infinity":19,"s:44:4:44:Infinity":20,"s:45:4:45:Infinity":21,"s:46:4:46:Infinity":22,"s:49:29:52:Infinity":23,"f:49:29:49:30":3,"b:50:4:50:Infinity:undefined:undefined:undefined:undefined":2,"s:50:4:50:Infinity":24,"s:50:15:50:Infinity":25,"s:51:4:51:Infinity":26,"s:54:19:57:Infinity":27,"f:54:43:54:55":4,"s:54:55:57:4":28,"b:56:39:56:57:56:57:56:Infinity":3,"s:59:26:63:Infinity":29,"f:59:26:59:27":5,"b:60:4:60:Infinity:undefined:undefined:undefined:undefined":4,"s:60:4:60:Infinity":30,"s:60:15:60:Infinity":31,"s:61:18:61:Infinity":32,"s:62:4:62:Infinity":33,"s:65:2:177:Infinity":34,"f:76:27:76:33":6,"s:76:33:76:59":35,"f:95:26:95:27":7,"s:96:35:96:Infinity":36,"s:98:14:138:Infinity":37,"f:114:44:114:45":8,"s:115:24:115:Infinity":38,"b:120:19:120:Infinity:121:20:129:Infinity":5,"f:134:29:134:35":9,"s:134:35:134:Infinity":39,"b:136:36:136:50:136:50:136:61":6,"f:174:17:174:23":10,"s:174:23:174:Infinity":40}}}
,"D:\\VisualLab\\src\\features\\viewers\\index.js": {"path":"D:\\VisualLab\\src\\features\\viewers\\index.js","statementMap":{},"fnMap":{},"branchMap":{},"s":{},"f":{},"b":{},"meta":{"lastBranch":0,"lastFunction":0,"lastStatement":0,"seen":{}}}
,"D:\\VisualLab\\src\\features\\viewers\\components\\FractalViewer.jsx": {"path":"D:\\VisualLab\\src\\features\\viewers\\components\\FractalViewer.jsx","statementMap":{"0":{"start":{"line":10,"column":8},"end":{"line":10,"column":null}},"1":{"start":{"line":11,"column":15},"end":{"line":11,"column":null}},"2":{"start":{"line":12,"column":44},"end":{"line":12,"column":null}},"3":{"start":{"line":13,"column":8},"end":{"line":13,"column":null}},"4":{"start":{"line":14,"column":32},"end":{"line":14,"column":null}},"5":{"start":{"line":16,"column":2},"end":{"line":48,"column":null}},"6":{"start":{"line":18,"column":4},"end":{"line":23,"column":null}},"7":{"start":{"line":19,"column":25},"end":{"line":19,"column":null}},"8":{"start":{"line":20,"column":6},"end":{"line":22,"column":null}},"9":{"start":{"line":21,"column":8},"end":{"line":21,"column":null}},"10":{"start":{"line":26,"column":25},"end":{"line":45,"column":null}},"11":{"start":{"line":27,"column":6},"end":{"line":44,"column":null}},"12":{"start":{"line":28,"column":8},"end":{"line":43,"column":null}},"13":{"start":{"line":30,"column":31},"end":{"line":30,"column":null}},"14":{"start":{"line":34,"column":31},"end":{"line":38,"column":null}},"15":{"start":{"line":40,"column":10},"end":{"line":40,"column":null}},"16":{"start":{"line":42,"column":10},"end":{"line":42,"column":null}},"17":{"start":{"line":47,"column":4},"end":{"line":47,"column":null}},"18":{"start":{"line":47,"column":17},"end":{"line":47,"column":null}},"19":{"start":{"line":50,"column":27},"end":{"line":68,"column":null}},"20":{"start":{"line":51,"column":4},"end":{"line":51,"column":null}},"21":{"start":{"line":54,"column":4},"end":{"line":67,"column":null}},"22":{"start":{"line":55,"column":25},"end":{"line":55,"column":null}},"23":{"start":{"line":56,"column":6},"end":{"line":66,"column":null}},"24":{"start":{"line":58,"column":8},"end":{"line":65,"column":null}},"25":{"start":{"line":59,"column":10},"end":{"line":62,"column":null}},"26":{"start":{"line":64,"column":10},"end":{"line":64,"column":null}},"27":{"start":{"line":70,"column":32},"end":{"line":84,"column":null}},"28":{"start":{"line":72,"column":4},"end":{"line":81,"column":null}},"29":{"start":{"line":73,"column":6},"end":{"line":80,"column":null}},"30":{"start":{"line":74,"column":29},"end":{"line":76,"column":null}},"31":{"start":{"line":77,"column":8},"end":{"line":77,"column":null}},"32":{"start":{"line":79,"column":8},"end":{"line":79,"column":null}},"33":{"start":{"line":83,"column":4},"end":{"line":83,"column":null}},"34":{"start":{"line":86,"column":2},"end":{"line":120,"column":null}}},"fnMap":{"0":{"name":"FractalViewer","decl":{"start":{"line":9,"column":9},"end":{"line":9,"column":25}},"loc":{"start":{"line":9,"column":25},"end":{"line":122,"column":null}},"line":9},"1":{"name":"(anonymous_1)","decl":{"start":{"line":16,"column":12},"end":{"line":16,"column":18}},"loc":{"start":{"line":16,"column":18},"end":{"line":48,"column":5}},"line":16},"2":{"name":"(anonymous_2)","decl":{"start":{"line":26,"column":37},"end":{"line":26,"column":43}},"loc":{"start":{"line":26,"column":43},"end":{"line":45,"column":7}},"line":26},"3":{"name":"(anonymous_3)","decl":{"start":{"line":47,"column":11},"end":{"line":47,"column":17}},"loc":{"start":{"line":47,"column":17},"end":{"line":47,"column":null}},"line":47},"4":{"name":"(anonymous_4)","decl":{"start":{"line":50,"column":27},"end":{"line":50,"column":33}},"loc":{"start":{"line":50,"column":33},"end":{"line":68,"column":null}},"line":50},"5":{"name":"(anonymous_5)","decl":{"start":{"line":70,"column":32},"end":{"line":70,"column":38}},"loc":{"start":{"line":70,"column":38},"end":{"line":84,"column":null}},"line":70}},"branchMap":{"0":{"loc":{"start":{"line":18,"column":4},"end":{"line":23,"column":null}},"type":"if","locations":[{"start":{"line":18,"column":4},"end":{"line":23,"column":null}},{"start":{},"end":{}}],"line":18},"1":{"loc":{"start":{"line":20,"column":6},"end":{"line":22,"column":null}},"type":"if","locations":[{"start":{"line":20,"column":6},"end":{"line":22,"column":null}},{"start":{},"end":{}}],"line":20},"2":{"loc":{"start":{"line":27,"column":6},"end":{"line":44,"column":null}},"type":"if","locations":[{"start":{"line":27,"column":6},"end":{"line":44,"column":null}},{"start":{},"end":{}}],"line":27},"3":{"loc":{"start":{"line":27,"column":10},"end":{"line":27,"column":37}},"type":"binary-expr","locations":[{"start":{"line":27,"column":10},"end":{"line":27,"column":18}},{"start":{"line":27,"column":18},"end":{"line":27,"column":37}}],"line":27},"4":{"loc":{"start":{"line":54,"column":4},"end":{"line":67,"column":null}},"type":"if","locations":[{"start":{"line":54,"column":4},"end":{"line":67,"column":null}},{"start":{},"end":{}}],"line":54},"5":{"loc":{"start":{"line":54,"column":8},"end":{"line":54,"column":35}},"type":"binary-expr","locations":[{"start":{"line":54,"column":8},"end":{"line":54,"column":16}},{"start":{"line":54,"column":16},"end":{"line":54,"column":35}}],"line":54},"6":{"loc":{"start":{"line":56,"column":6},"end":{"line":66,"column":null}},"type":"if","locations":[{"start":{"line":56,"column":6},"end":{"line":66,"column":null}},{"start":{},"end":{}}],"line":56},"7":{"loc":{"start":{"line":72,"column":4},"end":{"line":81,"column":null}},"type":"if","locations":[{"start":{"line":72,"column":4},"end":{"line":81,"column":null}},{"start":{},"end":{}}],"line":72},"8":{"loc":{"start":{"line":72,"column":8},"end":{"line":72,"column":35}},"type":"binary-expr","locations":[{"start":{"line":72,"column":8},"end":{"line":72,"column":16}},{"start":{"line":72,"column":16},"end":{"line":72,"column":35}}],"line":72},"9":{"loc":{"start":{"line":106,"column":7},"end":{"line":110,"column":null}},"type":"binary-expr","locations":[{"start":{"line":106,"column":7},"end":{"line":106,"column":null}},{"start":{"line":107,"column":8},"end":{"line":110,"column":null}}],"line":106}},"s":{"0":0,"1":0,"2":0,"3":0,"4":0,"5":0,"6":0,"7":0,"8":0,"9":0,"10":0,"11":0,"12":0,"13":0,"14":0,"15":0,"16":0,"17":0,"18":0,"19":0,"20":0,"21":0,"22":0,"23":0,"24":0,"25":0,"26":0,"27":0,"28":0,"29":0,"30":0,"31":0,"32":0,"33":0,"34":0},"f":{"0":0,"1":0,"2":0,"3":0,"4":0,"5":0},"b":{"0":[0,0],"1":[0,0],"2":[0,0],"3":[0,0],"4":[0,0],"5":[0,0],"6":[0,0],"7":[0,0],"8":[0,0],"9":[0,0]},"meta":{"lastBranch":10,"lastFunction":6,"lastStatement":35,"seen":{"f:9:9:9:25":0,"s:10:8:10:Infinity":0,"s:11:15:11:Infinity":1,"s:12:44:12:Infinity":2,"s:13:8:13:Infinity":3,"s:14:32:14:Infinity":4,"s:16:2:48:Infinity":5,"f:16:12:16:18":1,"b:18:4:23:Infinity:undefined:undefined:undefined:undefined":0,"s:18:4:23:Infinity":6,"s:19:25:19:Infinity":7,"b:20:6:22:Infinity:undefined:undefined:undefined:undefined":1,"s:20:6:22:Infinity":8,"s:21:8:21:Infinity":9,"s:26:25:45:Infinity":10,"f:26:37:26:43":2,"b:27:6:44:Infinity:undefined:undefined:undefined:undefined":2,"s:27:6:44:Infinity":11,"b:27:10:27:18:27:18:27:37":3,"s:28:8:43:Infinity":12,"s:30:31:30:Infinity":13,"s:34:31:38:Infinity":14,"s:40:10:40:Infinity":15,"s:42:10:42:Infinity":16,"s:47:4:47:Infinity":17,"f:47:11:47:17":3,"s:47:17:47:Infinity":18,"s:50:27:68:Infinity":19,"f:50:27:50:33":4,"s:51:4:51:Infinity":20,"b:54:4:67:Infinity:undefined:undefined:undefined:undefined":4,"s:54:4:67:Infinity":21,"b:54:8:54:16:54:16:54:35":5,"s:55:25:55:Infinity":22,"b:56:6:66:Infinity:undefined:undefined:undefined:undefined":6,"s:56:6:66:Infinity":23,"s:58:8:65:Infinity":24,"s:59:10:62:Infinity":25,"s:64:10:64:Infinity":26,"s:70:32:84:Infinity":27,"f:70:32:70:38":5,"b:72:4:81:Infinity:undefined:undefined:undefined:undefined":7,"s:72:4:81:Infinity":28,"b:72:8:72:16:72:16:72:35":8,"s:73:6:80:Infinity":29,"s:74:29:76:Infinity":30,"s:77:8:77:Infinity":31,"s:79:8:79:Infinity":32,"s:83:4:83:Infinity":33,"s:86:2:120:Infinity":34,"b:106:7:106:Infinity:107:8:110:Infinity":9}}}
,"D:\\VisualLab\\src\\features\\viewers\\components\\ThreeDViewer.jsx": {"path":"D:\\VisualLab\\src\\features\\viewers\\components\\ThreeDViewer.jsx","statementMap":{"0":{"start":{"line":10,"column":8},"end":{"line":10,"column":null}},"1":{"start":{"line":11,"column":15},"end":{"line":11,"column":null}},"2":{"start":{"line":12,"column":44},"end":{"line":12,"column":null}},"3":{"start":{"line":13,"column":8},"end":{"line":13,"column":null}},"4":{"start":{"line":14,"column":32},"end":{"line":14,"column":null}},"5":{"start":{"line":16,"column":2},"end":{"line":42,"column":null}},"6":{"start":{"line":18,"column":4},"end":{"line":23,"column":null}},"7":{"start":{"line":19,"column":25},"end":{"line":19,"column":null}},"8":{"start":{"line":20,"column":6},"end":{"line":22,"column":null}},"9":{"start":{"line":21,"column":8},"end":{"line":21,"column":null}},"10":{"start":{"line":26,"column":25},"end":{"line":39,"column":null}},"11":{"start":{"line":27,"column":6},"end":{"line":38,"column":null}},"12":{"start":{"line":28,"column":8},"end":{"line":37,"column":null}},"13":{"start":{"line":29,"column":31},"end":{"line":32,"column":null}},"14":{"start":{"line":34,"column":10},"end":{"line":34,"column":null}},"15":{"start":{"line":36,"column":10},"end":{"line":36,"column":null}},"16":{"start":{"line":41,"column":4},"end":{"line":41,"column":null}},"17":{"start":{"line":41,"column":17},"end":{"line":41,"column":null}},"18":{"start":{"line":44,"column":27},"end":{"line":60,"column":null}},"19":{"start":{"line":45,"column":4},"end":{"line":45,"column":null}},"20":{"start":{"line":47,"column":4},"end":{"line":59,"column":null}},"21":{"start":{"line":48,"column":25},"end":{"line":48,"column":null}},"22":{"start":{"line":49,"column":6},"end":{"line":58,"column":null}},"23":{"start":{"line":50,"column":8},"end":{"line":57,"column":null}},"24":{"start":{"line":51,"column":10},"end":{"line":54,"column":null}},"25":{"start":{"line":56,"column":10},"end":{"line":56,"column":null}},"26":{"start":{"line":62,"column":32},"end":{"line":75,"column":null}},"27":{"start":{"line":63,"column":4},"end":{"line":72,"column":null}},"28":{"start":{"line":64,"column":6},"end":{"line":71,"column":null}},"29":{"start":{"line":65,"column":29},"end":{"line":67,"column":null}},"30":{"start":{"line":68,"column":8},"end":{"line":68,"column":null}},"31":{"start":{"line":70,"column":8},"end":{"line":70,"column":null}},"32":{"start":{"line":74,"column":4},"end":{"line":74,"column":null}},"33":{"start":{"line":77,"column":2},"end":{"line":111,"column":null}}},"fnMap":{"0":{"name":"ThreeDViewer","decl":{"start":{"line":9,"column":9},"end":{"line":9,"column":24}},"loc":{"start":{"line":9,"column":24},"end":{"line":113,"column":null}},"line":9},"1":{"name":"(anonymous_1)","decl":{"start":{"line":16,"column":12},"end":{"line":16,"column":18}},"loc":{"start":{"line":16,"column":18},"end":{"line":42,"column":5}},"line":16},"2":{"name":"(anonymous_2)","decl":{"start":{"line":26,"column":37},"end":{"line":26,"column":43}},"loc":{"start":{"line":26,"column":43},"end":{"line":39,"column":7}},"line":26},"3":{"name":"(anonymous_3)","decl":{"start":{"line":41,"column":11},"end":{"line":41,"column":17}},"loc":{"start":{"line":41,"column":17},"end":{"line":41,"column":null}},"line":41},"4":{"name":"(anonymous_4)","decl":{"start":{"line":44,"column":27},"end":{"line":44,"column":33}},"loc":{"start":{"line":44,"column":33},"end":{"line":60,"column":null}},"line":44},"5":{"name":"(anonymous_5)","decl":{"start":{"line":62,"column":32},"end":{"line":62,"column":38}},"loc":{"start":{"line":62,"column":38},"end":{"line":75,"column":null}},"line":62}},"branchMap":{"0":{"loc":{"start":{"line":18,"column":4},"end":{"line":23,"column":null}},"type":"if","locations":[{"start":{"line":18,"column":4},"end":{"line":23,"column":null}},{"start":{},"end":{}}],"line":18},"1":{"loc":{"start":{"line":20,"column":6},"end":{"line":22,"column":null}},"type":"if","locations":[{"start":{"line":20,"column":6},"end":{"line":22,"column":null}},{"start":{},"end":{}}],"line":20},"2":{"loc":{"start":{"line":27,"column":6},"end":{"line":38,"column":null}},"type":"if","locations":[{"start":{"line":27,"column":6},"end":{"line":38,"column":null}},{"start":{},"end":{}}],"line":27},"3":{"loc":{"start":{"line":27,"column":10},"end":{"line":27,"column":37}},"type":"binary-expr","locations":[{"start":{"line":27,"column":10},"end":{"line":27,"column":18}},{"start":{"line":27,"column":18},"end":{"line":27,"column":37}}],"line":27},"4":{"loc":{"start":{"line":47,"column":4},"end":{"line":59,"column":null}},"type":"if","locations":[{"start":{"line":47,"column":4},"end":{"line":59,"column":null}},{"start":{},"end":{}}],"line":47},"5":{"loc":{"start":{"line":47,"column":8},"end":{"line":47,"column":35}},"type":"binary-expr","locations":[{"start":{"line":47,"column":8},"end":{"line":47,"column":16}},{"start":{"line":47,"column":16},"end":{"line":47,"column":35}}],"line":47},"6":{"loc":{"start":{"line":49,"column":6},"end":{"line":58,"column":null}},"type":"if","locations":[{"start":{"line":49,"column":6},"end":{"line":58,"column":null}},{"start":{},"end":{}}],"line":49},"7":{"loc":{"start":{"line":63,"column":4},"end":{"line":72,"column":null}},"type":"if","locations":[{"start":{"line":63,"column":4},"end":{"line":72,"column":null}},{"start":{},"end":{}}],"line":63},"8":{"loc":{"start":{"line":63,"column":8},"end":{"line":63,"column":35}},"type":"binary-expr","locations":[{"start":{"line":63,"column":8},"end":{"line":63,"column":16}},{"start":{"line":63,"column":16},"end":{"line":63,"column":35}}],"line":63},"9":{"loc":{"start":{"line":97,"column":7},"end":{"line":101,"column":null}},"type":"binary-expr","locations":[{"start":{"line":97,"column":7},"end":{"line":97,"column":null}},{"start":{"line":98,"column":8},"end":{"line":101,"column":null}}],"line":97}},"s":{"0":0,"1":0,"2":0,"3":0,"4":0,"5":0,"6":0,"7":0,"8":0,"9":0,"10":0,"11":0,"12":0,"13":0,"14":0,"15":0,"16":0,"17":0,"18":0,"19":0,"20":0,"21":0,"22":0,"23":0,"24":0,"25":0,"26":0,"27":0,"28":0,"29":0,"30":0,"31":0,"32":0,"33":0},"f":{"0":0,"1":0,"2":0,"3":0,"4":0,"5":0},"b":{"0":[0,0],"1":[0,0],"2":[0,0],"3":[0,0],"4":[0,0],"5":[0,0],"6":[0,0],"7":[0,0],"8":[0,0],"9":[0,0]},"meta":{"lastBranch":10,"lastFunction":6,"lastStatement":34,"seen":{"f:9:9:9:24":0,"s:10:8:10:Infinity":0,"s:11:15:11:Infinity":1,"s:12:44:12:Infinity":2,"s:13:8:13:Infinity":3,"s:14:32:14:Infinity":4,"s:16:2:42:Infinity":5,"f:16:12:16:18":1,"b:18:4:23:Infinity:undefined:undefined:undefined:undefined":0,"s:18:4:23:Infinity":6,"s:19:25:19:Infinity":7,"b:20:6:22:Infinity:undefined:undefined:undefined:undefined":1,"s:20:6:22:Infinity":8,"s:21:8:21:Infinity":9,"s:26:25:39:Infinity":10,"f:26:37:26:43":2,"b:27:6:38:Infinity:undefined:undefined:undefined:undefined":2,"s:27:6:38:Infinity":11,"b:27:10:27:18:27:18:27:37":3,"s:28:8:37:Infinity":12,"s:29:31:32:Infinity":13,"s:34:10:34:Infinity":14,"s:36:10:36:Infinity":15,"s:41:4:41:Infinity":16,"f:41:11:41:17":3,"s:41:17:41:Infinity":17,"s:44:27:60:Infinity":18,"f:44:27:44:33":4,"s:45:4:45:Infinity":19,"b:47:4:59:Infinity:undefined:undefined:undefined:undefined":4,"s:47:4:59:Infinity":20,"b:47:8:47:16:47:16:47:35":5,"s:48:25:48:Infinity":21,"b:49:6:58:Infinity:undefined:undefined:undefined:undefined":6,"s:49:6:58:Infinity":22,"s:50:8:57:Infinity":23,"s:51:10:54:Infinity":24,"s:56:10:56:Infinity":25,"s:62:32:75:Infinity":26,"f:62:32:62:38":5,"b:63:4:72:Infinity:undefined:undefined:undefined:undefined":7,"s:63:4:72:Infinity":27,"b:63:8:63:16:63:16:63:35":8,"s:64:6:71:Infinity":28,"s:65:29:67:Infinity":29,"s:68:8:68:Infinity":30,"s:70:8:70:Infinity":31,"s:74:4:74:Infinity":32,"s:77:2:111:Infinity":33,"b:97:7:97:Infinity:98:8:101:Infinity":9}}}
,"D:\\VisualLab\\src\\features\\viewers\\store\\projectStore.js": {"path":"D:\\VisualLab\\src\\features\\viewers\\store\\projectStore.js","statementMap":{"0":{"start":{"line":5,"column":30},"end":{"line":356,"column":3}},"1":{"start":{"line":5,"column":53},"end":{"line":356,"column":1}},"2":{"start":{"line":13,"column":4},"end":{"line":13,"column":39}},"3":{"start":{"line":14,"column":4},"end":{"line":27,"column":5}},"4":{"start":{"line":15,"column":30},"end":{"line":18,"column":50}},"5":{"start":{"line":20,"column":6},"end":{"line":20,"column":28}},"6":{"start":{"line":20,"column":17},"end":{"line":20,"column":28}},"7":{"start":{"line":22,"column":6},"end":{"line":22,"column":51}},"8":{"start":{"line":23,"column":6},"end":{"line":23,"column":36}},"9":{"start":{"line":25,"column":6},"end":{"line":25,"column":51}},"10":{"start":{"line":26,"column":6},"end":{"line":26,"column":53}},"11":{"start":{"line":32,"column":4},"end":{"line":32,"column":39}},"12":{"start":{"line":33,"column":4},"end":{"line":47,"column":5}},"13":{"start":{"line":34,"column":30},"end":{"line":38,"column":50}},"14":{"start":{"line":40,"column":6},"end":{"line":40,"column":28}},"15":{"start":{"line":40,"column":17},"end":{"line":40,"column":28}},"16":{"start":{"line":42,"column":6},"end":{"line":42,"column":51}},"17":{"start":{"line":43,"column":6},"end":{"line":43,"column":36}},"18":{"start":{"line":45,"column":6},"end":{"line":45,"column":51}},"19":{"start":{"line":46,"column":6},"end":{"line":46,"column":53}},"20":{"start":{"line":52,"column":4},"end":{"line":52,"column":39}},"21":{"start":{"line":53,"column":4},"end":{"line":87,"column":5}},"22":{"start":{"line":54,"column":33},"end":{"line":54,"column":62}},"23":{"start":{"line":56,"column":6},"end":{"line":58,"column":7}},"24":{"start":{"line":57,"column":8},"end":{"line":57,"column":49}},"25":{"start":{"line":60,"column":30},"end":{"line":70,"column":17}},"26":{"start":{"line":72,"column":6},"end":{"line":72,"column":28}},"27":{"start":{"line":72,"column":17},"end":{"line":72,"column":28}},"28":{"start":{"line":75,"column":6},"end":{"line":78,"column":9}},"29":{"start":{"line":75,"column":20},"end":{"line":78,"column":7}},"30":{"start":{"line":81,"column":6},"end":{"line":81,"column":84}},"31":{"start":{"line":83,"column":6},"end":{"line":83,"column":36}},"32":{"start":{"line":85,"column":6},"end":{"line":85,"column":51}},"33":{"start":{"line":86,"column":6},"end":{"line":86,"column":53}},"34":{"start":{"line":92,"column":4},"end":{"line":92,"column":39}},"35":{"start":{"line":93,"column":4},"end":{"line":122,"column":5}},"36":{"start":{"line":94,"column":30},"end":{"line":103,"column":17}},"37":{"start":{"line":105,"column":6},"end":{"line":105,"column":28}},"38":{"start":{"line":105,"column":17},"end":{"line":105,"column":28}},"39":{"start":{"line":108,"column":6},"end":{"line":114,"column":9}},"40":{"start":{"line":108,"column":20},"end":{"line":114,"column":7}},"41":{"start":{"line":110,"column":10},"end":{"line":110,"column":39}},"42":{"start":{"line":116,"column":6},"end":{"line":116,"column":86}},"43":{"start":{"line":118,"column":6},"end":{"line":118,"column":36}},"44":{"start":{"line":120,"column":6},"end":{"line":120,"column":51}},"45":{"start":{"line":121,"column":6},"end":{"line":121,"column":53}},"46":{"start":{"line":127,"column":4},"end":{"line":127,"column":39}},"47":{"start":{"line":128,"column":4},"end":{"line":152,"column":5}},"48":{"start":{"line":129,"column":22},"end":{"line":129,"column":66}},"49":{"start":{"line":129,"column":47},"end":{"line":129,"column":65}},"50":{"start":{"line":131,"column":24},"end":{"line":134,"column":28}},"51":{"start":{"line":136,"column":6},"end":{"line":136,"column":28}},"52":{"start":{"line":136,"column":17},"end":{"line":136,"column":28}},"53":{"start":{"line":138,"column":6},"end":{"line":142,"column":9}},"54":{"start":{"line":138,"column":20},"end":{"line":142,"column":7}},"55":{"start":{"line":139,"column":45},"end":{"line":139,"column":63}},"56":{"start":{"line":144,"column":6},"end":{"line":146,"column":7}},"57":{"start":{"line":145,"column":8},"end":{"line":145,"column":91}},"58":{"start":{"line":148,"column":6},"end":{"line":148,"column":30}},"59":{"start":{"line":150,"column":6},"end":{"line":150,"column":51}},"60":{"start":{"line":151,"column":6},"end":{"line":151,"column":53}},"61":{"start":{"line":157,"column":4},"end":{"line":157,"column":39}},"62":{"start":{"line":158,"column":4},"end":{"line":174,"column":5}},"63":{"start":{"line":159,"column":30},"end":{"line":163,"column":17}},"64":{"start":{"line":165,"column":6},"end":{"line":165,"column":28}},"65":{"start":{"line":165,"column":17},"end":{"line":165,"column":28}},"66":{"start":{"line":167,"column":6},"end":{"line":167,"column":51}},"67":{"start":{"line":168,"column":6},"end":{"line":168,"column":84}},"68":{"start":{"line":170,"column":6},"end":{"line":170,"column":36}},"69":{"start":{"line":172,"column":6},"end":{"line":172,"column":51}},"70":{"start":{"line":173,"column":6},"end":{"line":173,"column":53}},"71":{"start":{"line":179,"column":4},"end":{"line":179,"column":36}},"72":{"start":{"line":184,"column":4},"end":{"line":184,"column":33}},"73":{"start":{"line":189,"column":4},"end":{"line":189,"column":29}},"74":{"start":{"line":189,"column":18},"end":{"line":189,"column":29}},"75":{"start":{"line":191,"column":23},"end":{"line":196,"column":5}},"76":{"start":{"line":198,"column":4},"end":{"line":198,"column":46}},"77":{"start":{"line":203,"column":4},"end":{"line":203,"column":39}},"78":{"start":{"line":204,"column":4},"end":{"line":217,"column":5}},"79":{"start":{"line":205,"column":21},"end":{"line":205,"column":43}},"80":{"start":{"line":207,"column":21},"end":{"line":211,"column":8}},"81":{"start":{"line":213,"column":6},"end":{"line":213,"column":19}},"82":{"start":{"line":215,"column":6},"end":{"line":215,"column":89}},"83":{"start":{"line":216,"column":6},"end":{"line":216,"column":53}},"84":{"start":{"line":222,"column":4},"end":{"line":237,"column":5}},"85":{"start":{"line":223,"column":33},"end":{"line":223,"column":62}},"86":{"start":{"line":225,"column":6},"end":{"line":225,"column":23}},"87":{"start":{"line":225,"column":17},"end":{"line":225,"column":23}},"88":{"start":{"line":227,"column":6},"end":{"line":234,"column":11}},"89":{"start":{"line":236,"column":6},"end":{"line":236,"column":53}},"90":{"start":{"line":242,"column":4},"end":{"line":257,"column":5}},"91":{"start":{"line":243,"column":30},"end":{"line":250,"column":21}},"92":{"start":{"line":252,"column":6},"end":{"line":252,"column":28}},"93":{"start":{"line":252,"column":17},"end":{"line":252,"column":28}},"94":{"start":{"line":254,"column":6},"end":{"line":254,"column":36}},"95":{"start":{"line":256,"column":6},"end":{"line":256,"column":53}},"96":{"start":{"line":261,"column":20},"end":{"line":261,"column":40}},"97":{"start":{"line":271,"column":4},"end":{"line":278,"column":5}},"98":{"start":{"line":272,"column":25},"end":{"line":272,"column":57}},"99":{"start":{"line":273,"column":19},"end":{"line":273,"column":51}},"100":{"start":{"line":274,"column":6},"end":{"line":274,"column":43}},"101":{"start":{"line":276,"column":6},"end":{"line":276,"column":58}},"102":{"start":{"line":277,"column":6},"end":{"line":277,"column":17}},"103":{"start":{"line":283,"column":4},"end":{"line":294,"column":5}},"104":{"start":{"line":284,"column":25},"end":{"line":284,"column":57}},"105":{"start":{"line":285,"column":25},"end":{"line":288,"column":7}},"106":{"start":{"line":289,"column":6},"end":{"line":289,"column":66}},"107":{"start":{"line":290,"column":6},"end":{"line":290,"column":17}},"108":{"start":{"line":292,"column":6},"end":{"line":292,"column":57}},"109":{"start":{"line":293,"column":6},"end":{"line":293,"column":18}},"110":{"start":{"line":299,"column":4},"end":{"line":327,"column":5}},"111":{"start":{"line":300,"column":21},"end":{"line":304,"column":7}},"112":{"start":{"line":307,"column":6},"end":{"line":316,"column":7}},"113":{"start":{"line":307,"column":19},"end":{"line":307,"column":20}},"114":{"start":{"line":308,"column":20},"end":{"line":308,"column":39}},"115":{"start":{"line":309,"column":8},"end":{"line":315,"column":9}},"116":{"start":{"line":310,"column":28},"end":{"line":310,"column":65}},"117":{"start":{"line":311,"column":23},"end":{"line":311,"column":48}},"118":{"start":{"line":312,"column":10},"end":{"line":314,"column":11}},"119":{"start":{"line":313,"column":12},"end":{"line":313,"column":57}},"120":{
[...]
7},"end":{"line":119,"column":37}},{"start":{"line":119,"column":41},"end":{"line":119,"column":61}}],"line":119}},"s":{"0":0,"1":0,"2":0,"3":0,"4":0,"5":0,"6":0,"7":0,"8":0,"9":0,"10":0,"11":0,"12":0,"13":0,"14":0,"15":0,"16":0,"17":0,"18":0,"19":0,"20":0,"21":0,"22":0,"23":0,"24":0,"25":0,"26":0,"27":0,"28":0,"29":0,"30":0,"31":0,"32":0,"33":0,"34":0,"35":0,"36":0,"37":0,"38":0,"39":0,"40":0,"41":0,"42":0},"f":{"0":0,"1":0,"2":0,"3":0,"4":0,"5":0,"6":0,"7":0,"8":0},"b":{"0":[0,0],"1":[0,0],"2":[0,0],"3":[0,0],"4":[0,0],"5":[0,0],"6":[0,0],"7":[0,0],"8":[0,0],"9":[0,0],"10":[0,0],"11":[0,0]},"meta":{"lastBranch":12,"lastFunction":9,"lastStatement":43,"seen":{"f:13:9:13:24":0,"s:30:7:30:26":0,"s:37:3:47:24":1,"f:37:14:37:15":1,"b:38:8:46:9:undefined:undefined:undefined:undefined":0,"s:38:8:46:9":2,"s:39:12:39:79":3,"b:42:12:45:13:undefined:undefined:undefined:undefined":1,"s:42:12:45:13":4,"s:43:36:43:93":5,"s:44:16:44:99":6,"b:44:82:44:88:44:91:44:98":2,"s:50:3:54:27":7,"f:50:14:50:15":2,"b:51:8:53:9:undefined:undefined:undefined:undefined":3,"s:51:8:53:9":8,"s:52:12:52:76":9,"s:57:3:66:36":10,"f:57:14:57:15":3,"b:58:8:65:9:undefined:undefined:undefined:undefined":4,"s:58:8:65:9":11,"s:59:30:63:13":12,"s:64:12:64:112":13,"s:73:23:77:34":14,"f:73:36:73:37":4,"s:74:25:74:69":15,"b:74:53:74:60:74:63:74:69":5,"s:75:8:75:26":16,"s:76:8:76:23":17,"s:80:28:85:24":18,"f:80:41:80:42":5,"b:81:8:83:9:undefined:undefined:undefined:undefined":6,"s:81:8:83:9":19,"s:82:12:82:95":20,"b:82:79:82:85:82:88:82:95":7,"s:84:8:84:29":21,"s:88:33:90:32":22,"f:88:46:88:47":6,"s:89:8:89:54":23,"b:89:15:89:45:89:49:89:54":8,"s:93:32:99:24":24,"f:93:45:93:50":7,"s:94:21:94:44":25,"b:95:8:97:9:undefined:undefined:undefined:undefined":9,"s:95:8:97:9":26,"s:96:12:96:79":27,"s:98:8:98:41":28,"s:102:26:126:10":29,"f:102:39:102:40":8,"s:103:46:103:73":30,"s:105:27:111:9":31,"b:109:24:109:34:109:38:109:50":10,"s:113:21:115:10":32,"s:116:20:116:45":33,"s:117:21:117:48":34,"s:118:8:118:23":35,"s:119:8:119:110":36,"b:119:27:119:37:119:41:119:61":11,"s:120:8:120:39":37,"s:121:8:121:20":38,"s:122:8:122:39":39,"s:123:8:123:32":40,"s:125:8:125:32":41,"s:132:4:172:5":42}}}
,"D:\\VisualLab\\src\\shared\\store\\index.js": {"path":"D:\\VisualLab\\src\\shared\\store\\index.js","statementMap":{},"fnMap":{},"branchMap":{},"s":{},"f":{},"b":{},"meta":{"lastBranch":0,"lastFunction":0,"lastStatement":0,"seen":{}}}
,"D:\\VisualLab\\src\\shared\\store\\settingsStore.js": {"path":"D:\\VisualLab\\src\\shared\\store\\settingsStore.js","statementMap":{"0":{"start":{"line":10,"column":25},"end":{"line":24,"column":1}},"1":{"start":{"line":27,"column":25},"end":{"line":64,"column":1}},"2":{"start":{"line":28,"column":19},"end":{"line":28,"column":21}},"3":{"start":{"line":31,"column":4},"end":{"line":33,"column":5}},"4":{"start":{"line":32,"column":8},"end":{"line":32,"column":66}},"5":{"start":{"line":36,"column":4},"end":{"line":38,"column":5}},"6":{"start":{"line":37,"column":8},"end":{"line":37,"column":61}},"7":{"start":{"line":41,"column":4},"end":{"line":51,"column":5}},"8":{"start":{"line":42,"column":31},"end":{"line":42,"column":69}},"9":{"start":{"line":43,"column":8},"end":{"line":50,"column":9}},"10":{"start":{"line":44,"column":12},"end":{"line":46,"column":13}},"11":{"start":{"line":45,"column":16},"end":{"line":45,"column":69}},"12":{"start":{"line":47,"column":12},"end":{"line":49,"column":13}},"13":{"start":{"line":48,"column":16},"end":{"line":48,"column":67}},"14":{"start":{"line":54,"column":4},"end":{"line":58,"column":5}},"15":{"start":{"line":55,"column":8},"end":{"line":57,"column":9}},"16":{"start":{"line":56,"column":12},"end":{"line":56,"column":85}},"17":{"start":{"line":60,"column":4},"end":{"line":63,"column":5}},"18":{"start":{"line":66,"column":31},"end":{"line":286,"column":1}},"19":{"start":{"line":68,"column":23},"end":{"line":277,"column":9}},"20":{"start":{"line":82,"column":16},"end":{"line":85,"column":19}},"21":{"start":{"line":82,"column":32},"end":{"line":85,"column":17}},"22":{"start":{"line":87,"column":16},"end":{"line":87,"column":74}},"23":{"start":{"line":95,"column":16},"end":{"line":98,"column":19}},"24":{"start":{"line":95,"column":32},"end":{"line":98,"column":17}},"25":{"start":{"line":99,"column":16},"end":{"line":99,"column":71}},"26":{"start":{"line":107,"column":16},"end":{"line":116,"column":19}},"27":{"start":{"line":107,"column":32},"end":{"line":116,"column":17}},"28":{"start":{"line":120,"column":16},"end":{"line":129,"column":19}},"29":{"start":{"line":120,"column":32},"end":{"line":129,"column":17}},"30":{"start":{"line":137,"column":16},"end":{"line":146,"column":19}},"31":{"start":{"line":137,"column":32},"end":{"line":146,"column":17}},"32":{"start":{"line":154,"column":16},"end":{"line":168,"column":19}},"33":{"start":{"line":154,"column":32},"end":{"line":168,"column":17}},"34":{"start":{"line":176,"column":16},"end":{"line":180,"column":18}},"35":{"start":{"line":188,"column":16},"end":{"line":215,"column":17}},"36":{"start":{"line":189,"column":41},"end":{"line":189,"column":46}},"37":{"start":{"line":191,"column":39},"end":{"line":196,"column":21}},"38":{"start":{"line":199,"column":33},"end":{"line":201,"column":22}},"39":{"start":{"line":202,"column":32},"end":{"line":202,"column":57}},"40":{"start":{"line":203,"column":33},"end":{"line":203,"column":60}},"41":{"start":{"line":204,"column":20},"end":{"line":204,"column":35}},"42":{"start":{"line":205,"column":20},"end":{"line":205,"column":103}},"43":{"start":{"line":206,"column":20},"end":{"line":206,"column":51}},"44":{"start":{"line":207,"column":20},"end":{"line":207,"column":32}},"45":{"start":{"line":208,"column":20},"end":{"line":208,"column":51}},"46":{"start":{"line":209,"column":20},"end":{"line":209,"column":44}},"47":{"start":{"line":211,"column":20},"end":{"line":211,"column":94}},"48":{"start":{"line":213,"column":20},"end":{"line":213,"column":49}},"49":{"start":{"line":214,"column":20},"end":{"line":214,"column":67}},"50":{"start":{"line":223,"column":16},"end":{"line":223,"column":53}},"51":{"start":{"line":225,"column":16},"end":{"line":269,"column":17}},"52":{"start":{"line":227,"column":20},"end":{"line":229,"column":21}},"53":{"start":{"line":228,"column":24},"end":{"line":228,"column":75}},"54":{"start":{"line":232,"column":33},"end":{"line":232,"column":50}},"55":{"start":{"line":235,"column":20},"end":{"line":239,"column":21}},"56":{"start":{"line":236,"column":24},"end":{"line":236,"column":55}},"57":{"start":{"line":238,"column":24},"end":{"line":238,"column":77}},"58":{"start":{"line":242,"column":20},"end":{"line":244,"column":21}},"59":{"start":{"line":243,"column":24},"end":{"line":243,"column":89}},"60":{"start":{"line":247,"column":20},"end":{"line":249,"column":21}},"61":{"start":{"line":248,"column":24},"end":{"line":248,"column":81}},"62":{"start":{"line":252,"column":39},"end":{"line":252,"column":78}},"63":{"start":{"line":253,"column":20},"end":{"line":255,"column":21}},"64":{"start":{"line":254,"column":24},"end":{"line":254,"column":98}},"65":{"start":{"line":258,"column":20},"end":{"line":258,"column":63}},"66":{"start":{"line":260,"column":20},"end":{"line":260,"column":45}},"67":{"start":{"line":261,"column":20},"end":{"line":265,"column":21}},"68":{"start":{"line":267,"column":20},"end":{"line":267,"column":67}},"69":{"start":{"line":268,"column":20},"end":{"line":268,"column":67}},"70":{"start":{"line":276,"column":30},"end":{"line":276,"column":50}},"71":{"start":{"line":280,"column":36},"end":{"line":283,"column":13}},"72":{"start":{"line":289,"column":24},"end":{"line":293,"column":1}},"73":{"start":{"line":290,"column":26},"end":{"line":290,"column":86}},"74":{"start":{"line":291,"column":18},"end":{"line":291,"column":65}},"75":{"start":{"line":292,"column":4},"end":{"line":292,"column":62}},"76":{"start":{"line":296,"column":0},"end":{"line":298,"column":1}},"77":{"start":{"line":297,"column":4},"end":{"line":297,"column":21}}},"fnMap":{"0":{"name":"(anonymous_0)","decl":{"start":{"line":27,"column":25},"end":{"line":27,"column":26}},"loc":{"start":{"line":27,"column":39},"end":{"line":64,"column":1}},"line":27},"1":{"name":"(anonymous_1)","decl":{"start":{"line":68,"column":8},"end":{"line":68,"column":9}},"loc":{"start":{"line":68,"column":23},"end":{"line":277,"column":9}},"line":68},"2":{"name":"(anonymous_2)","decl":{"start":{"line":81,"column":22},"end":{"line":81,"column":23}},"loc":{"start":{"line":81,"column":33},"end":{"line":88,"column":13}},"line":81},"3":{"name":"(anonymous_3)","decl":{"start":{"line":82,"column":20},"end":{"line":82,"column":21}},"loc":{"start":{"line":82,"column":32},"end":{"line":85,"column":17}},"line":82},"4":{"name":"(anonymous_4)","decl":{"start":{"line":94,"column":25},"end":{"line":94,"column":26}},"loc":{"start":{"line":94,"column":39},"end":{"line":100,"column":13}},"line":94},"5":{"name":"(anonymous_5)","decl":{"start":{"line":95,"column":20},"end":{"line":95,"column":21}},"loc":{"start":{"line":95,"column":32},"end":{"line":98,"column":17}},"line":95},"6":{"name":"(anonymous_6)","decl":{"start":{"line":106,"column":39},"end":{"line":106,"column":40}},"loc":{"start":{"line":106,"column":55},"end":{"line":117,"column":13}},"line":106},"7":{"name":"(anonymous_7)","decl":{"start":{"line":107,"column":20},"end":{"line":107,"column":21}},"loc":{"start":{"line":107,"column":32},"end":{"line":116,"column":17}},"line":107},"8":{"name":"(anonymous_8)","decl":{"start":{"line":119,"column":32},"end":{"line":119,"column":33}},"loc":{"start":{"line":119,"column":41},"end":{"line":130,"column":13}},"line":119},"9":{"name":"(anonymous_9)","decl":{"start":{"line":120,"column":20},"end":{"line":120,"column":21}},"loc":{"start":{"line":120,"column":32},"end":{"line":129,"column":17}},"line":120},"10":{"name":"(anonymous_10)","decl":{"start":{"line":136,"column":34},"end":{"line":136,"column":35}},"loc":{"start":{"line":136,"column":50},"end":{"line":147,"column":13}},"line":136},"11":{"name":"(anonymous_11)","decl":{"start":{"line":137,"column":20},"end":{"line":137,"column":21}},"loc":{"start":{"line":137,"column":32},"end":{"line":146,"column":17}},"line":137},"12":{"name":"(anonymous_12)","decl":{"start":{"line":153,"column":28},"end":{"line":153,"column":29}},"loc":{"start":{"line":153,"column":45},"end":{"line":169,"column":13}},"line":153},"13":{"name":"(anonymous_13)","decl":{"start":{"line":154,"column":20},"end":{"line":154,"column":21}},"loc":{"start":{"line":154,"column":32},"end":{"line":168,"column":17}},"line":154},"14":{"name":"(anonymous_14)","decl":{"start":{"line":175,"column":27},"end":{"line":175,"column":28}},"loc":{"start":{"line":175,"column":33},"end":{"line":181,"column":13}},"line":175},"15":{"name":"(anonymous_15)","decl":{"start":{"line":187,"column":28},"end":{"line":187,"column":29}},"loc":{"start":{"line":187,"column":34},"end":{"line":216,"column":13}},"line":187},"16":{"name":"(anonymous_16)","decl":{"start":{"line":222,"column":28},"end":{"line":222,"column":33}},"loc":{"start":{"line":222,"column":44},"end":{"line":270,"column":13}},"line":222},"17":{"name":"(anonymous_17)","decl":{"start":{"line":276,"column":24},"end":{"line":276,"column":25}},"loc":{"start":{"line":276,"column":30},"end":{"line":276,"column":50}},"line":276},"18":{"name":"(anonymous_18)","decl":{"start":{"line":280,"column":24},"end":{"line":280,"column":25}},"loc":{"start":{"line":280,"column":36},"end":{"line":283,"column":13}},"line":280},"19":{"name":"(anonymous_19)","decl":{"start":{"line":289,"column":24},"end":{"line":289,"column":25}},"loc":{"start":{"line":289,"column":30},"end":{"line":293,"column":1}},"line":289}},"branchMap":{"0":{"loc":{"start":{"line":31,"column":4},"end":{"line":33,"column":5}},"type":"if","locations":[{"start":{"line":31,"column":4},"end":{"line":33,"column":5}},{"start":{},"end":{}}],"line":31},"1":{"loc":{"start":{"line":31,"column":8},"end":{"line":31,"column":77}},"type":"binary-expr","locations":[{"start":{"line":31,"column":8},"end":{"line":31,"column":22}},{"start":{"line":31,"column":26},"end":{"line":31,"column":77}}],"line":31},"2":{"loc":{"start":{"line":36,"column":4},"end":{"line":38,"column":5}},"type":"if","locations":[{"start":{"line":36,"column":4},"end":{"line":38,"column":5}},{"start":{},"end":{}}],"line":36},"3":{"loc":{"start":{"line":36,"column":8},"end":{"line":36,"column":76}},"type":"binary-expr","locations":[{"start":{"line":36,"column":8},"end":{"line":36,"column":25}},{"start":{"line":36,"column":29},"end":{"line":36,"column":76}}],"line":36},"4":{"loc":{"start":{"line":41,"column":4},"end":{"line":51,"column":5}},"type":"if","locations":[{"start":{"line":41,"column":4},"end":{"line":51,"column":5}},{"start":{},"end":{}}],"line":41},"5":{"loc":{"start":{"line":44,"column":12},"end":{"line":46,"column":13}},"type":"if","locations":[{"start":{"line":44,"column":12},"end":{"line":46,"column":13}},{"start":{},"end":{}}],"line":44},"6":{"loc":{"start":{"line":47,"column":12},"end":{"line":49,"column":13}},"type":"if","locations":[{"start":{"line":47,"column":12},"end":{"line":49,"column":13}},{"start":{},"end":{}}],"line":47},"7":{"loc":{"start":{"line":54,"column":4},"end":{"line":58,"column":5}},"type":"if","locations":[{"start":{"line":54,"column":4},"end":{"line":58,"column":5}},{"start":{},"end":{}}],"line":54},"8":{"loc":{"start":{"line":55,"column":8},"end":{"line":57,"column":9}},"type":"if","locations":[{"start":{"line":55,"column":8},"end":{"line":57,"column":9}},{"start":{},"end":{}}],"line":55},"9":{"loc":{"start":{"line":55,"column":12},"end":{"line":55,"column":106}},"type":"binary-expr","locations":[{"start":{"line":55,"column":12},"end":{"line":55,"column":37}},{"start":{"line":55,"column":41},"end":{"line":55,"column":106}}],"line":55},"10":{"loc":{"start":{"line":160,"column":32},"end":{"line":160,"column":63}},"type":"binary-expr","locations":[{"start":{"line":160,"column":32},"end":{"line":160,"column":57}},{"start":{"line":160,"column":61},"end":{"line":160,"column":63}}],"line":160},"11":{"loc":{"start":{"line":164,"column":32},"end":{"line":164,"column":57}},"type":"binary-expr","locations":[{"start":{"line":164,"column":32},"end":{"line":164,"column":51}},{"start":{"line":164,"column":55},"end":{"line":164,"column":57}}],"line":164},"12":{"loc":{"start":{"line":227,"column":20},"end":{"line":229,"column":21}},"type":"if","locations":[{"start":{"line":227,"column":20},"end":{"line":229,"column":21}},{"start":{},"end":{}}],"line":227},"13":{"loc":{"start":{"line":242,"column":20},"end":{"line":244,"column":21}},"type":"if","locations":[{"start":{"line":242,"column":20},"end":{"line":244,"column":21}},{"start":{},"end":{}}],"line":242},"14":{"loc":{"start":{"line":247,"column":20},"end":{"line":249,"column":21}},"type":"if","locations":[{"start":{"line":247,"column":20},"end":{"line":249,"column":21}},{"start":{},"end":{}}],"line":247},"15":{"loc":{"start":{"line":247,"column":24},"end":{"line":247,"column":86}},"type":"binary-expr","locations":[{"start":{"line":247,"column":24},"end":{"line":247,"column":44}},{"start":{"line":247,"column":48},"end":{"line":247,"column":86}}],"line":247},"16":{"loc":{"start":{"line":253,"column":20},"end":{"line":255,"column":21}},"type":"if","locations":[{"start":{"line":253,"column":20},"end":{"line":255,"column":21}},{"start":{},"end":{}}],"line":253},"17":{"loc":{"start":{"line":290,"column":37},"end":{"line":290,"column":85}},"type":"binary-expr","locations":[{"start":{"line":290,"column":37},"end":{"line":290,"column":77}},{"start":{"line":290,"column":81},"end":{"line":290,"column":85}}],"line":290},"18":{"loc":{"start":{"line":291,"column":18},"end":{"line":291,"column":65}},"type":"binary-expr","locations":[{"start":{"line":291,"column":18},"end":{"line":291,"column":55}},{"start":{"line":291,"column":59},"end":{"line":291,"column":65}}],"line":291},"19":{"loc":{"start":{"line":296,"column":0},"end":{"line":298,"column":1}},"type":"if","locations":[{"start":{"line":296,"column":0},"end":{"line":298,"column":1}},{"start":{},"end":{}}],"line":296}},"s":{"0":1,"1":1,"2":2,"3":2,"4":1,"5":2,"6":0,"7":2,"8":0,"9":0,"10":0,"11":0,"12":0,"13":0,"14":2,"15":0,"16":0,"17":2,"18":1,"19":1,"20":3,"21":3,"22":3,"23":2,"24":2,"25":2,"26":1,"27":1,"28":1,"29":1,"30":2,"31":2,"32":2,"33":2,"34":1,"35":1,"36":1,"37":1,"38":1,"39":1,"40":1,"41":1,"42":1,"43":1,"44":1,"45":1,"46":1,"47":1,"48":0,"49":0,"50":4,"51":4,"52":4,"53":1,"54":3,"55":3,"56":3,"57":1,"58":2,"59":0,"60":2,"61":0,"62":2,"63":2,"64":1,"65":1,"66":1,"67":1,"68":3,"69":3,"70":1,"71":0,"72":1,"73":1,"74":1,"75":1,"76":1,"77":1},"f":{"0":2,"1":1,"2":3,"3":3,"4":2,"5":2,"6":1,"7":1,"8":1,"9":1,"10":2,"11":2,"12":2,"13":2,"14":1,"15":1,"16":4,"17":1,"18":0,"19":1},"b":{"0":[1,1],"1":[2,2],"2":[0,2],"3":[2,1],"4":[0,2],"5":[0,0],"6":[0,0],"7":[0,2],"8":[0,0],"9":[0,0],"10":[2,1],"11":[2,2],"12":[1,3],"13":[0,2],"14":[0,2],"15":[2,2],"16":[1,1],"17":[1,1],"18":[1,1],"19":[1,0]},"meta":{"lastBranch":20,"lastFunction":20,"lastStatement":78,"seen":{"s:10:25:24:1":0,"s:27:25:64:1":1,"f:27:25:27:26":0,"s:28:19:28:21":2,"b:31:4:33:5:undefined:undefined:undefined:undefined":0,"s:31:4:33:5":3,"b:31:8:31:22:31:26:31:77":1,"s:32:8:32:66":4,"b:36:4:38:5:undefined:undefined:undefined:undefined":2,"s:36:4:38:5":5,"b:36:8:36:25:36:29:36:76":3,"s:37:8:37:61":6,"b:41:4:51:5:undefined:undefined:undefined:undefined":4,"s:41:4:51:5":7,"s:42:31:42:69":8,"s:43:8:50:9":9,"b:44:12:46:13:undefined:undefined:undefined:undefined":5,"s:44:12:46:13":10,"s:45:16:45:69":11,"b:47:12:49:13:undefined:undefined:undefined:undefined":6,"s:47:12:49:13":12,"s:48:16:48:67":13,"b:54:4:58:5:undefined:undefined:undefined:undefined":7,"s:54:4:58:5":14,"b:55:8:57:9:undefined:undefined:undefined:undefined":8,"s:55:8:57:9":15,"b:55:12:55:37:55:41:55:106":9,"s:56:12:56:85":16,"s:60:4:63:5":17,"s:66:31:286:1":18,"f:68:8:68:9":1,"s:68:23:277:9":19,"f:81:22:81:23":2,"s:82:16:85:19":20,"f:82:20:82:21":3,"s:82:32:85:17":21,"s:87:16:87:74":22,"f:94:25:94:26":4,"s:95:16:98:19":23,"f:95:20:95:21":5,"s:95:32:98:17":24,"s:99:16:99:71":25,"f:106:39:106:40":6,"s:107:16:116:19":26,"f:107:20:107:21":7,"s:107:32:116:17":27,"f:119:32:119:33":8,"s:120:16:129:19":28,"f:120:20:120:21":9,"s:120:32:129:17":29,"f:136:34:136:35":10,"s:137:16:146:19":30,"f:137:20:137:21":11,"s:137:32:146:17":31,"f:153:28:153:29":12,"s:154:16:168:19":32,"f:154:20:154:21":13,"s:154:32:168:17":33,"b:160:32:160:57:160:61:160:63":10,"b:164:32:164:51:164:55:164:57":11,"f:175:27:175:28":14,"s:176:16:180:18":34,"f:187:28:187:29":15,"s:188:16:215:17":35,"s:189:41:189:46":36,"s:191:39:196:21":37,"s:199:33:201:22":38,"s:202:32:202:57":39,"s:203:33:203:60":40,"s:204:20:204:35":41,"s:205:20:205:103":42,"s:206:20:206:51":43,"s:207:20:207:32":44,"s:208:20:208:51":45,"s:209:20:209:44":46,"s:211:20:211:94":47,"s:213:20:213:49":48,"s:214:20:214:67":49,"f:222:28:222:33":16,"s:223:16:223:53":50,"s:225:16:269:17":51,"b:227:20:229:21:undefined:undefined:undefined:undefined":12,"s:227:20:229:21":52,"s:228:24:228:75":53,"s:232:33:232:50":54,"s:235:20:239:21":55,"s:236:24:236:55":56,"s:238:24:238:77":57,"b:242:20:244:21:undefined:undefined:undefined:undefined":13,"s:242:20:244:21":58,"s:243:24:243:89":59,"b:247:20:249:21:undefined:undefined:undefined:undefined":14,"s:247:20:249:21":60,"b:247:24:247:44:247:48:247:86":15,"s:248:24:248:81":61,"s:252:39:252:78":62,"b:253:20:255:21:undefined:undefined:undefined:undefined":16,"s:253:20:255:21":63,"s:254:24:254:98":64,"s:258:20:258:63":65,"s:260:20:260:45":66,"s:261:20:265:21":67,"s:267:20:267:67":68,"s:268:20:268:67":69,"f:276:24:276:25":17,"s:276:30:276:50":70,"f:280:24:280:25":18,"s:280:36:283:13":71,"s:289:24:293:1":72,"f:289:24:289:25":19,"s:290:26:290:86":73,"b:290:37:290:77:290:81:290:85":17,"s:291:18:291:65":74,"b:291:18:291:55:291:59:291:65":18,"s:292:4:292:62":75,"b:296:0:298:1:undefined:undefined:undefined:undefined":19,"s:296:0:298:1":76,"s:297:4:297:21":77}}}
}
